[16/08/2024 17:23] - ====== WebDriver manager ======
[16/08/2024 17:23] - Driver [C:\Users\RegenilsonSilveira\.wdm\drivers\edgedriver\win64\127.0.2651.105\msedgedriver.exe] found in cache
[16/08/2024 17:23] - Skipping Selenium Manager; path to MicrosoftEdge driver specified in Service class: C:\Users\RegenilsonSilveira\.wdm\drivers\edgedriver\win64\127.0.2651.105\msedgedriver.exe
[16/08/2024 17:23] - Started executable: `C:\Users\RegenilsonSilveira\.wdm\drivers\edgedriver\win64\127.0.2651.105\msedgedriver.exe` in a child process with pid: 1924 using 0 to output -3
[16/08/2024 17:23] - POST http://localhost:60171/session {'capabilities': {'firstMatch': [{}], 'alwaysMatch': {'browserName': 'MicrosoftEdge', 'pageLoadStrategy': <PageLoadStrategy.normal: 'normal'>, 'ms:edgeOptions': {'extensions': [], 'args': ['--lang=pt-BR', '--headless', 'disable-notifications', 'ignore-certificate-errors', '--ignore-ssl-errors', '--ignore-certificate-errors', '--ignore-ssl-errors']}}}}
[16/08/2024 17:23] - Starting new HTTP connection (1): localhost:60171
[16/08/2024 17:23] - http://localhost:60171 "POST /session HTTP/1.1" 200 0
[16/08/2024 17:23] - Remote response: status=200 | data={"value":{"capabilities":{"acceptInsecureCerts":false,"browserName":"msedge-headless-shell","browserVersion":"127.0.2651.98","fedcm:accounts":true,"ms:edgeOptions":{"debuggerAddress":"localhost:60176"},"msedge":{"msedgedriverVersion":"127.0.2651.105 (e2354f41f843b7d54f64847c15428307924b774d)","userDataDir":"C:\\Users\\REGENI~1\\AppData\\Local\\Temp\\scoped_dir1924_196344271"},"networkConnectionEnabled":false,"pageLoadStrategy":"normal","platformName":"windows","proxy":{},"setWindowRect":true,"strictFileInteractability":false,"timeouts":{"implicit":0,"pageLoad":300000,"script":30000},"unhandledPromptBehavior":"dismiss and notify","webauthn:extension:credBlob":true,"webauthn:extension:largeBlob":true,"webauthn:extension:minPinLength":true,"webauthn:extension:prf":true,"webauthn:virtualAuthenticators":true},"sessionId":"8f9e73324728fc16d9af4332f501d056"}} | headers=HTTPHeaderDict({'Content-Length': '864', 'Content-Type': 'application/json; charset=utf-8', 'cache-control': 'no-cache'})
[16/08/2024 17:23] - Finished Request
[16/08/2024 17:23] - O Dotenv é uma biblioteca Python que permite carregar variáveis de ambiente a partir de um arquivo .env.
[16/08/2024 17:23] - Configuração de Login 

[16/08/2024 17:23] - POST http://localhost:60171/session/8f9e73324728fc16d9af4332f501d056/window/maximize {}
[16/08/2024 17:23] - http://localhost:60171 "POST /session/8f9e73324728fc16d9af4332f501d056/window/maximize HTTP/1.1" 200 0
[16/08/2024 17:23] - Remote response: status=200 | data={"value":{"height":600,"width":800,"x":0,"y":0}} | headers=HTTPHeaderDict({'Content-Length': '48', 'Content-Type': 'application/json; charset=utf-8', 'cache-control': 'no-cache'})
[16/08/2024 17:23] - Finished Request
[16/08/2024 17:23] - POST http://localhost:60171/session/8f9e73324728fc16d9af4332f501d056/url {'url': 'https://www.tempo.com/guarulhos-civ-mil.htm'}
[16/08/2024 17:24] - http://localhost:60171 "POST /session/8f9e73324728fc16d9af4332f501d056/url HTTP/1.1" 200 0
[16/08/2024 17:24] - Remote response: status=200 | data={"value":null} | headers=HTTPHeaderDict({'Content-Length': '14', 'Content-Type': 'application/json; charset=utf-8', 'cache-control': 'no-cache'})
[16/08/2024 17:24] - Finished Request
[16/08/2024 17:24] - POST http://localhost:60171/session/8f9e73324728fc16d9af4332f501d056/elements {'using': 'xpath', 'value': ' //*[starts-with(text(),"Previsão do tempo Guarulhos - SP")]'}
[16/08/2024 17:24] - http://localhost:60171 "POST /session/8f9e73324728fc16d9af4332f501d056/elements HTTP/1.1" 200 0
[16/08/2024 17:24] - Remote response: status=200 | data={"value":[{"element-6066-11e4-a52e-4f735466cecf":"f.0DE21D710FD0756E87B68FEEFA4E03EA.d.CD790514CE4853BF3D7EBBE7A9F58242.e.69"}]} | headers=HTTPHeaderDict({'Content-Length': '128', 'Content-Type': 'application/json; charset=utf-8', 'cache-control': 'no-cache'})
[16/08/2024 17:24] - Finished Request
[16/08/2024 17:24] - Encontramos....🎙️
[16/08/2024 17:24] - 🪟  Estamos Efetivamente dentro das Condições meteorológicas Da sua Cidade.
[16/08/2024 17:24] - GET http://localhost:60171/session/8f9e73324728fc16d9af4332f501d056/element/f.0DE21D710FD0756E87B68FEEFA4E03EA.d.CD790514CE4853BF3D7EBBE7A9F58242.e.69/text {}
[16/08/2024 17:24] - http://localhost:60171 "GET /session/8f9e73324728fc16d9af4332f501d056/element/f.0DE21D710FD0756E87B68FEEFA4E03EA.d.CD790514CE4853BF3D7EBBE7A9F58242.e.69/text HTTP/1.1" 200 0
[16/08/2024 17:24] - Remote response: status=200 | data={"value":"Previsão do tempo Guarulhos - SP"} | headers=HTTPHeaderDict({'Content-Length': '45', 'Content-Type': 'application/json; charset=utf-8', 'cache-control': 'no-cache'})
[16/08/2024 17:24] - Finished Request
[16/08/2024 17:24] - GET http://localhost:60171/session/8f9e73324728fc16d9af4332f501d056/element/f.0DE21D710FD0756E87B68FEEFA4E03EA.d.CD790514CE4853BF3D7EBBE7A9F58242.e.69/text {}
[16/08/2024 17:24] - http://localhost:60171 "GET /session/8f9e73324728fc16d9af4332f501d056/element/f.0DE21D710FD0756E87B68FEEFA4E03EA.d.CD790514CE4853BF3D7EBBE7A9F58242.e.69/text HTTP/1.1" 200 0
[16/08/2024 17:24] - Remote response: status=200 | data={"value":"Previsão do tempo Guarulhos - SP"} | headers=HTTPHeaderDict({'Content-Length': '45', 'Content-Type': 'application/json; charset=utf-8', 'cache-control': 'no-cache'})
[16/08/2024 17:24] - Finished Request
[16/08/2024 17:24] - Sua Cidade é 🇧🇷 : Previsão do tempo Guarulhos - SP
[16/08/2024 17:24] - 

[16/08/2024 17:24] - POST http://localhost:60171/session/8f9e73324728fc16d9af4332f501d056/elements {'using': 'xpath', 'value': '//span[@class="dato-temperatura changeUnitT"]'}
[16/08/2024 17:24] - http://localhost:60171 "POST /session/8f9e73324728fc16d9af4332f501d056/elements HTTP/1.1" 200 0
[16/08/2024 17:24] - Remote response: status=200 | data={"value":[{"element-6066-11e4-a52e-4f735466cecf":"f.0DE21D710FD0756E87B68FEEFA4E03EA.d.CD790514CE4853BF3D7EBBE7A9F58242.e.70"}]} | headers=HTTPHeaderDict({'Content-Length': '128', 'Content-Type': 'application/json; charset=utf-8', 'cache-control': 'no-cache'})
[16/08/2024 17:24] - Finished Request
[16/08/2024 17:24] - POST http://localhost:60171/session/8f9e73324728fc16d9af4332f501d056/elements {'using': 'xpath', 'value': '//span[@class="sensacion changeUnitT"]'}
[16/08/2024 17:24] - http://localhost:60171 "POST /session/8f9e73324728fc16d9af4332f501d056/elements HTTP/1.1" 200 0
[16/08/2024 17:24] - Remote response: status=200 | data={"value":[{"element-6066-11e4-a52e-4f735466cecf":"f.0DE21D710FD0756E87B68FEEFA4E03EA.d.CD790514CE4853BF3D7EBBE7A9F58242.e.71"}]} | headers=HTTPHeaderDict({'Content-Length': '128', 'Content-Type': 'application/json; charset=utf-8', 'cache-control': 'no-cache'})
[16/08/2024 17:24] - Finished Request
[16/08/2024 17:24] -  🌡️ Encontramos. -> TEMPERATURA ATUAL 🌡️
[16/08/2024 17:24] - GET http://localhost:60171/session/8f9e73324728fc16d9af4332f501d056/element/f.0DE21D710FD0756E87B68FEEFA4E03EA.d.CD790514CE4853BF3D7EBBE7A9F58242.e.70/text {}
[16/08/2024 17:24] - http://localhost:60171 "GET /session/8f9e73324728fc16d9af4332f501d056/element/f.0DE21D710FD0756E87B68FEEFA4E03EA.d.CD790514CE4853BF3D7EBBE7A9F58242.e.70/text HTTP/1.1" 200 0
[16/08/2024 17:24] - Remote response: status=200 | data={"value":"25°"} | headers=HTTPHeaderDict({'Content-Length': '16', 'Content-Type': 'application/json; charset=utf-8', 'cache-control': 'no-cache'})
[16/08/2024 17:24] - Finished Request
[16/08/2024 17:24] - GET http://localhost:60171/session/8f9e73324728fc16d9af4332f501d056/element/f.0DE21D710FD0756E87B68FEEFA4E03EA.d.CD790514CE4853BF3D7EBBE7A9F58242.e.70/text {}
[16/08/2024 17:24] - http://localhost:60171 "GET /session/8f9e73324728fc16d9af4332f501d056/element/f.0DE21D710FD0756E87B68FEEFA4E03EA.d.CD790514CE4853BF3D7EBBE7A9F58242.e.70/text HTTP/1.1" 200 0
[16/08/2024 17:24] - Remote response: status=200 | data={"value":"25°"} | headers=HTTPHeaderDict({'Content-Length': '16', 'Content-Type': 'application/json; charset=utf-8', 'cache-control': 'no-cache'})
[16/08/2024 17:24] - Finished Request
[16/08/2024 17:24] - 🌞 Hoje a Temperatura Atual da sua Cidade é: 25° Graus
[16/08/2024 17:24] - GET http://localhost:60171/session/8f9e73324728fc16d9af4332f501d056/element/f.0DE21D710FD0756E87B68FEEFA4E03EA.d.CD790514CE4853BF3D7EBBE7A9F58242.e.71/text {}
[16/08/2024 17:24] - http://localhost:60171 "GET /session/8f9e73324728fc16d9af4332f501d056/element/f.0DE21D710FD0756E87B68FEEFA4E03EA.d.CD790514CE4853BF3D7EBBE7A9F58242.e.71/text HTTP/1.1" 200 0
[16/08/2024 17:24] - Remote response: status=200 | data={"value":"Sensação de 26°"} | headers=HTTPHeaderDict({'Content-Length': '30', 'Content-Type': 'application/json; charset=utf-8', 'cache-control': 'no-cache'})
[16/08/2024 17:24] - Finished Request
[16/08/2024 17:24] - GET http://localhost:60171/session/8f9e73324728fc16d9af4332f501d056/element/f.0DE21D710FD0756E87B68FEEFA4E03EA.d.CD790514CE4853BF3D7EBBE7A9F58242.e.71/text {}
[16/08/2024 17:24] - http://localhost:60171 "GET /session/8f9e73324728fc16d9af4332f501d056/element/f.0DE21D710FD0756E87B68FEEFA4E03EA.d.CD790514CE4853BF3D7EBBE7A9F58242.e.71/text HTTP/1.1" 200 0
[16/08/2024 17:24] - Remote response: status=200 | data={"value":"Sensação de 26°"} | headers=HTTPHeaderDict({'Content-Length': '30', 'Content-Type': 'application/json; charset=utf-8', 'cache-control': 'no-cache'})
[16/08/2024 17:24] - Finished Request
[16/08/2024 17:24] - ⛅ Sensação Termica da sua Cidade é 🌡️ de : Sensação de 26° Graus
[16/08/2024 17:24] - 

[16/08/2024 17:24] - POST http://localhost:60171/session/8f9e73324728fc16d9af4332f501d056/execute/sync {'script': 'window.scrollTo(0, 200);', 'args': []}
[16/08/2024 17:24] - http://localhost:60171 "POST /session/8f9e73324728fc16d9af4332f501d056/execute/sync HTTP/1.1" 200 0
[16/08/2024 17:24] - Remote response: status=200 | data={"value":null} | headers=HTTPHeaderDict({'Content-Length': '14', 'Content-Type': 'application/json; charset=utf-8', 'cache-control': 'no-cache'})
[16/08/2024 17:24] - Finished Request
[16/08/2024 17:24] -  Criamos uma LISTA vazia, que irá receber a partir do 'FOR' as previsões futuras, Depois iremos disponibilizar no Campo de Envio de E-mails 
[16/08/2024 17:24] - POST http://localhost:60171/session/8f9e73324728fc16d9af4332f501d056/elements {'using': 'xpath', 'value': '//span[@class="subtitle-m"]'}
[16/08/2024 17:24] - http://localhost:60171 "POST /session/8f9e73324728fc16d9af4332f501d056/elements HTTP/1.1" 200 0
[16/08/2024 17:24] - Remote response: status=200 | data={"value":[{"element-6066-11e4-a52e-4f735466cecf":"f.0DE21D710FD0756E87B68FEEFA4E03EA.d.CD790514CE4853BF3D7EBBE7A9F58242.e.74"},{"element-6066-11e4-a52e-4f735466cecf":"f.0DE21D710FD0756E87B68FEEFA4E03EA.d.CD790514CE4853BF3D7EBBE7A9F58242.e.75"},{"element-6066-11e4-a52e-4f735466cecf":"f.0DE21D710FD0756E87B68FEEFA4E03EA.d.CD790514CE4853BF3D7EBBE7A9F58242.e.76"},{"element-6066-11e4-a52e-4f735466cecf":"f.0DE21D710FD0756E87B68FEEFA4E03EA.d.CD790514CE4853BF3D7EBBE7A9F58242.e.77"},{"element-6066-11e4-a52e-4f735466cecf":"f.0DE21D710FD0756E87B68FEEFA4E03EA.d.CD790514CE4853BF3D7EBBE7A9F58242.e.78"},{"element-6066-11e4-a52e-4f735466cecf":"f.0DE21D710FD0756E87B68FEEFA4E03EA.d.CD790514CE4853BF3D7EBBE7A9F58242.e.79"},{"element-6066-11e4-a52e-4f735466cecf":"f.0DE21D710FD0756E87B68FEEFA4E03EA.d.CD790514CE4853BF3D7EBBE7A9F58242.e.80"}]} | headers=HTTPHeaderDict({'Content-Length': '830', 'Content-Type': 'application/json; charset=utf-8', 'cache-control': 'no-cache'})
[16/08/2024 17:24] - Finished Request
[16/08/2024 17:24] - POST http://localhost:60171/session/8f9e73324728fc16d9af4332f501d056/elements {'using': 'xpath', 'value': '//span[@class="max changeUnitT"]'}
[16/08/2024 17:24] - http://localhost:60171 "POST /session/8f9e73324728fc16d9af4332f501d056/elements HTTP/1.1" 200 0
[16/08/2024 17:24] - Remote response: status=200 | data={"value":[{"element-6066-11e4-a52e-4f735466cecf":"f.0DE21D710FD0756E87B68FEEFA4E03EA.d.CD790514CE4853BF3D7EBBE7A9F58242.e.81"},{"element-6066-11e4-a52e-4f735466cecf":"f.0DE21D710FD0756E87B68FEEFA4E03EA.d.CD790514CE4853BF3D7EBBE7A9F58242.e.82"},{"element-6066-11e4-a52e-4f735466cecf":"f.0DE21D710FD0756E87B68FEEFA4E03EA.d.CD790514CE4853BF3D7EBBE7A9F58242.e.83"},{"element-6066-11e4-a52e-4f735466cecf":"f.0DE21D710FD0756E87B68FEEFA4E03EA.d.CD790514CE4853BF3D7EBBE7A9F58242.e.84"},{"element-6066-11e4-a52e-4f735466cecf":"f.0DE21D710FD0756E87B68FEEFA4E03EA.d.CD790514CE4853BF3D7EBBE7A9F58242.e.85"},{"element-6066-11e4-a52e-4f735466cecf":"f.0DE21D710FD0756E87B68FEEFA4E03EA.d.CD790514CE4853BF3D7EBBE7A9F58242.e.86"},{"element-6066-11e4-a52e-4f735466cecf":"f.0DE21D710FD0756E87B68FEEFA4E03EA.d.CD790514CE4853BF3D7EBBE7A9F58242.e.87"}]} | headers=HTTPHeaderDict({'Content-Length': '830', 'Content-Type': 'application/json; charset=utf-8', 'cache-control': 'no-cache'})
[16/08/2024 17:24] - Finished Request
[16/08/2024 17:24] - POST http://localhost:60171/session/8f9e73324728fc16d9af4332f501d056/elements {'using': 'xpath', 'value': '//span[@class="min changeUnitT"]'}
[16/08/2024 17:24] - http://localhost:60171 "POST /session/8f9e73324728fc16d9af4332f501d056/elements HTTP/1.1" 200 0
[16/08/2024 17:24] - Remote response: status=200 | data={"value":[{"element-6066-11e4-a52e-4f735466cecf":"f.0DE21D710FD0756E87B68FEEFA4E03EA.d.CD790514CE4853BF3D7EBBE7A9F58242.e.88"},{"element-6066-11e4-a52e-4f735466cecf":"f.0DE21D710FD0756E87B68FEEFA4E03EA.d.CD790514CE4853BF3D7EBBE7A9F58242.e.89"},{"element-6066-11e4-a52e-4f735466cecf":"f.0DE21D710FD0756E87B68FEEFA4E03EA.d.CD790514CE4853BF3D7EBBE7A9F58242.e.90"},{"element-6066-11e4-a52e-4f735466cecf":"f.0DE21D710FD0756E87B68FEEFA4E03EA.d.CD790514CE4853BF3D7EBBE7A9F58242.e.73"},{"element-6066-11e4-a52e-4f735466cecf":"f.0DE21D710FD0756E87B68FEEFA4E03EA.d.CD790514CE4853BF3D7EBBE7A9F58242.e.91"},{"element-6066-11e4-a52e-4f735466cecf":"f.0DE21D710FD0756E87B68FEEFA4E03EA.d.CD790514CE4853BF3D7EBBE7A9F58242.e.92"},{"element-6066-11e4-a52e-4f735466cecf":"f.0DE21D710FD0756E87B68FEEFA4E03EA.d.CD790514CE4853BF3D7EBBE7A9F58242.e.93"}]} | headers=HTTPHeaderDict({'Content-Length': '830', 'Content-Type': 'application/json; charset=utf-8', 'cache-control': 'no-cache'})
[16/08/2024 17:24] - Finished Request
[16/08/2024 17:24] - GET http://localhost:60171/session/8f9e73324728fc16d9af4332f501d056/element/f.0DE21D710FD0756E87B68FEEFA4E03EA.d.CD790514CE4853BF3D7EBBE7A9F58242.e.76/text {}
[16/08/2024 17:24] - http://localhost:60171 "GET /session/8f9e73324728fc16d9af4332f501d056/element/f.0DE21D710FD0756E87B68FEEFA4E03EA.d.CD790514CE4853BF3D7EBBE7A9F58242.e.76/text HTTP/1.1" 200 0
[16/08/2024 17:24] - Remote response: status=200 | data={"value":"18 Ago."} | headers=HTTPHeaderDict({'Content-Length': '19', 'Content-Type': 'application/json; charset=utf-8', 'cache-control': 'no-cache'})
[16/08/2024 17:24] - Finished Request
[16/08/2024 17:24] - GET http://localhost:60171/session/8f9e73324728fc16d9af4332f501d056/element/f.0DE21D710FD0756E87B68FEEFA4E03EA.d.CD790514CE4853BF3D7EBBE7A9F58242.e.83/text {}
[16/08/2024 17:24] - http://localhost:60171 "GET /session/8f9e73324728fc16d9af4332f501d056/element/f.0DE21D710FD0756E87B68FEEFA4E03EA.d.CD790514CE4853BF3D7EBBE7A9F58242.e.83/text HTTP/1.1" 200 0
[16/08/2024 17:24] - Remote response: status=200 | data={"value":"30°"} | headers=HTTPHeaderDict({'Content-Length': '16', 'Content-Type': 'application/json; charset=utf-8', 'cache-control': 'no-cache'})
[16/08/2024 17:24] - Finished Request
[16/08/2024 17:24] - GET http://localhost:60171/session/8f9e73324728fc16d9af4332f501d056/element/f.0DE21D710FD0756E87B68FEEFA4E03EA.d.CD790514CE4853BF3D7EBBE7A9F58242.e.90/text {}
[16/08/2024 17:24] - http://localhost:60171 "GET /session/8f9e73324728fc16d9af4332f501d056/element/f.0DE21D710FD0756E87B68FEEFA4E03EA.d.CD790514CE4853BF3D7EBBE7A9F58242.e.90/text HTTP/1.1" 200 0
[16/08/2024 17:24] - Remote response: status=200 | data={"value":"13°"} | headers=HTTPHeaderDict({'Content-Length': '16', 'Content-Type': 'application/json; charset=utf-8', 'cache-control': 'no-cache'})
[16/08/2024 17:24] - Finished Request
[16/08/2024 17:24] -   🌡️ Previsão para o Próximo dia: 18 Ago., Maxíma de: 30°Graus, Miníma de: 13°Graus

[16/08/2024 17:24] -  Iremos Subdvidir as informações acima
[16/08/2024 17:24] - GET http://localhost:60171/session/8f9e73324728fc16d9af4332f501d056/element/f.0DE21D710FD0756E87B68FEEFA4E03EA.d.CD790514CE4853BF3D7EBBE7A9F58242.e.76/text {}
[16/08/2024 17:24] - http://localhost:60171 "GET /session/8f9e73324728fc16d9af4332f501d056/element/f.0DE21D710FD0756E87B68FEEFA4E03EA.d.CD790514CE4853BF3D7EBBE7A9F58242.e.76/text HTTP/1.1" 200 0
[16/08/2024 17:24] - Remote response: status=200 | data={"value":"18 Ago."} | headers=HTTPHeaderDict({'Content-Length': '19', 'Content-Type': 'application/json; charset=utf-8', 'cache-control': 'no-cache'})
[16/08/2024 17:24] - Finished Request
[16/08/2024 17:24] - GET http://localhost:60171/session/8f9e73324728fc16d9af4332f501d056/element/f.0DE21D710FD0756E87B68FEEFA4E03EA.d.CD790514CE4853BF3D7EBBE7A9F58242.e.83/text {}
[16/08/2024 17:24] - http://localhost:60171 "GET /session/8f9e73324728fc16d9af4332f501d056/element/f.0DE21D710FD0756E87B68FEEFA4E03EA.d.CD790514CE4853BF3D7EBBE7A9F58242.e.83/text HTTP/1.1" 200 0
[16/08/2024 17:24] - Remote response: status=200 | data={"value":"30°"} | headers=HTTPHeaderDict({'Content-Length': '16', 'Content-Type': 'application/json; charset=utf-8', 'cache-control': 'no-cache'})
[16/08/2024 17:24] - Finished Request
[16/08/2024 17:24] - GET http://localhost:60171/session/8f9e73324728fc16d9af4332f501d056/element/f.0DE21D710FD0756E87B68FEEFA4E03EA.d.CD790514CE4853BF3D7EBBE7A9F58242.e.90/text {}
[16/08/2024 17:24] - http://localhost:60171 "GET /session/8f9e73324728fc16d9af4332f501d056/element/f.0DE21D710FD0756E87B68FEEFA4E03EA.d.CD790514CE4853BF3D7EBBE7A9F58242.e.90/text HTTP/1.1" 200 0
[16/08/2024 17:24] - Remote response: status=200 | data={"value":"13°"} | headers=HTTPHeaderDict({'Content-Length': '16', 'Content-Type': 'application/json; charset=utf-8', 'cache-control': 'no-cache'})
[16/08/2024 17:24] - Finished Request
[16/08/2024 17:24] - POST http://localhost:60171/session/8f9e73324728fc16d9af4332f501d056/elements {'using': 'xpath', 'value': '//span[@class="subtitle-m"]'}
[16/08/2024 17:24] - http://localhost:60171 "POST /session/8f9e73324728fc16d9af4332f501d056/elements HTTP/1.1" 200 0
[16/08/2024 17:24] - Remote response: status=200 | data={"value":[{"element-6066-11e4-a52e-4f735466cecf":"f.0DE21D710FD0756E87B68FEEFA4E03EA.d.CD790514CE4853BF3D7EBBE7A9F58242.e.74"},{"element-6066-11e4-a52e-4f735466cecf":"f.0DE21D710FD0756E87B68FEEFA4E03EA.d.CD790514CE4853BF3D7EBBE7A9F58242.e.75"},{"element-6066-11e4-a52e-4f735466cecf":"f.0DE21D710FD0756E87B68FEEFA4E03EA.d.CD790514CE4853BF3D7EBBE7A9F58242.e.76"},{"element-6066-11e4-a52e-4f735466cecf":"f.0DE21D710FD0756E87B68FEEFA4E03EA.d.CD790514CE4853BF3D7EBBE7A9F58242.e.77"},{"element-6066-11e4-a52e-4f735466cecf":"f.0DE21D710FD0756E87B68FEEFA4E03EA.d.CD790514CE4853BF3D7EBBE7A9F58242.e.78"},{"element-6066-11e4-a52e-4f735466cecf":"f.0DE21D710FD0756E87B68FEEFA4E03EA.d.CD790514CE4853BF3D7EBBE7A9F58242.e.79"},{"element-6066-11e4-a52e-4f735466cecf":"f.0DE21D710FD0756E87B68FEEFA4E03EA.d.CD790514CE4853BF3D7EBBE7A9F58242.e.80"}]} | headers=HTTPHeaderDict({'Content-Length': '830', 'Content-Type': 'application/json; charset=utf-8', 'cache-control': 'no-cache'})
[16/08/2024 17:24] - Finished Request
[16/08/2024 17:24] - POST http://localhost:60171/session/8f9e73324728fc16d9af4332f501d056/elements {'using': 'xpath', 'value': '//span[@class="max changeUnitT"]'}
[16/08/2024 17:24] - http://localhost:60171 "POST /session/8f9e73324728fc16d9af4332f501d056/elements HTTP/1.1" 200 0
[16/08/2024 17:24] - Remote response: status=200 | data={"value":[{"element-6066-11e4-a52e-4f735466cecf":"f.0DE21D710FD0756E87B68FEEFA4E03EA.d.CD790514CE4853BF3D7EBBE7A9F58242.e.81"},{"element-6066-11e4-a52e-4f735466cecf":"f.0DE21D710FD0756E87B68FEEFA4E03EA.d.CD790514CE4853BF3D7EBBE7A9F58242.e.82"},{"element-6066-11e4-a52e-4f735466cecf":"f.0DE21D710FD0756E87B68FEEFA4E03EA.d.CD790514CE4853BF3D7EBBE7A9F58242.e.83"},{"element-6066-11e4-a52e-4f735466cecf":"f.0DE21D710FD0756E87B68FEEFA4E03EA.d.CD790514CE4853BF3D7EBBE7A9F58242.e.84"},{"element-6066-11e4-a52e-4f735466cecf":"f.0DE21D710FD0756E87B68FEEFA4E03EA.d.CD790514CE4853BF3D7EBBE7A9F58242.e.85"},{"element-6066-11e4-a52e-4f735466cecf":"f.0DE21D710FD0756E87B68FEEFA4E03EA.d.CD790514CE4853BF3D7EBBE7A9F58242.e.86"},{"element-6066-11e4-a52e-4f735466cecf":"f.0DE21D710FD0756E87B68FEEFA4E03EA.d.CD790514CE4853BF3D7EBBE7A9F58242.e.87"}]} | headers=HTTPHeaderDict({'Content-Length': '830', 'Content-Type': 'application/json; charset=utf-8', 'cache-control': 'no-cache'})
[16/08/2024 17:24] - Finished Request
[16/08/2024 17:24] - POST http://localhost:60171/session/8f9e73324728fc16d9af4332f501d056/elements {'using': 'xpath', 'value': '//span[@class="min changeUnitT"]'}
[16/08/2024 17:24] - http://localhost:60171 "POST /session/8f9e73324728fc16d9af4332f501d056/elements HTTP/1.1" 200 0
[16/08/2024 17:24] - Remote response: status=200 | data={"value":[{"element-6066-11e4-a52e-4f735466cecf":"f.0DE21D710FD0756E87B68FEEFA4E03EA.d.CD790514CE4853BF3D7EBBE7A9F58242.e.88"},{"element-6066-11e4-a52e-4f735466cecf":"f.0DE21D710FD0756E87B68FEEFA4E03EA.d.CD790514CE4853BF3D7EBBE7A9F58242.e.89"},{"element-6066-11e4-a52e-4f735466cecf":"f.0DE21D710FD0756E87B68FEEFA4E03EA.d.CD790514CE4853BF3D7EBBE7A9F58242.e.90"},{"element-6066-11e4-a52e-4f735466cecf":"f.0DE21D710FD0756E87B68FEEFA4E03EA.d.CD790514CE4853BF3D7EBBE7A9F58242.e.73"},{"element-6066-11e4-a52e-4f735466cecf":"f.0DE21D710FD0756E87B68FEEFA4E03EA.d.CD790514CE4853BF3D7EBBE7A9F58242.e.91"},{"element-6066-11e4-a52e-4f735466cecf":"f.0DE21D710FD0756E87B68FEEFA4E03EA.d.CD790514CE4853BF3D7EBBE7A9F58242.e.92"},{"element-6066-11e4-a52e-4f735466cecf":"f.0DE21D710FD0756E87B68FEEFA4E03EA.d.CD790514CE4853BF3D7EBBE7A9F58242.e.93"}]} | headers=HTTPHeaderDict({'Content-Length': '830', 'Content-Type': 'application/json; charset=utf-8', 'cache-control': 'no-cache'})
[16/08/2024 17:24] - Finished Request
[16/08/2024 17:24] - GET http://localhost:60171/session/8f9e73324728fc16d9af4332f501d056/element/f.0DE21D710FD0756E87B68FEEFA4E03EA.d.CD790514CE4853BF3D7EBBE7A9F58242.e.77/text {}
[16/08/2024 17:24] - http://localhost:60171 "GET /session/8f9e73324728fc16d9af4332f501d056/element/f.0DE21D710FD0756E87B68FEEFA4E03EA.d.CD790514CE4853BF3D7EBBE7A9F58242.e.77/text HTTP/1.1" 200 0
[16/08/2024 17:24] - Remote response: status=200 | data={"value":"19 Ago."} | headers=HTTPHeaderDict({'Content-Length': '19', 'Content-Type': 'application/json; charset=utf-8', 'cache-control': 'no-cache'})
[16/08/2024 17:24] - Finished Request
[16/08/2024 17:24] - GET http://localhost:60171/session/8f9e73324728fc16d9af4332f501d056/element/f.0DE21D710FD0756E87B68FEEFA4E03EA.d.CD790514CE4853BF3D7EBBE7A9F58242.e.84/text {}
[16/08/2024 17:24] - http://localhost:60171 "GET /session/8f9e73324728fc16d9af4332f501d056/element/f.0DE21D710FD0756E87B68FEEFA4E03EA.d.CD790514CE4853BF3D7EBBE7A9F58242.e.84/text HTTP/1.1" 200 0
[16/08/2024 17:24] - Remote response: status=200 | data={"value":"30°"} | headers=HTTPHeaderDict({'Content-Length': '16', 'Content-Type': 'application/json; charset=utf-8', 'cache-control': 'no-cache'})
[16/08/2024 17:24] - Finished Request
[16/08/2024 17:24] - GET http://localhost:60171/session/8f9e73324728fc16d9af4332f501d056/element/f.0DE21D710FD0756E87B68FEEFA4E03EA.d.CD790514CE4853BF3D7EBBE7A9F58242.e.73/text {}
[16/08/2024 17:24] - http://localhost:60171 "GET /session/8f9e73324728fc16d9af4332f501d056/element/f.0DE21D710FD0756E87B68FEEFA4E03EA.d.CD790514CE4853BF3D7EBBE7A9F58242.e.73/text HTTP/1.1" 200 0
[16/08/2024 17:24] - Remote response: status=200 | data={"value":"12°"} | headers=HTTPHeaderDict({'Content-Length': '16', 'Content-Type': 'application/json; charset=utf-8', 'cache-control': 'no-cache'})
[16/08/2024 17:24] - Finished Request
[16/08/2024 17:24] -   🌡️ Previsão para o Próximo dia: 19 Ago., Maxíma de: 30°Graus, Miníma de: 12°Graus

[16/08/2024 17:24] -  Iremos Subdvidir as informações acima
[16/08/2024 17:24] - GET http://localhost:60171/session/8f9e73324728fc16d9af4332f501d056/element/f.0DE21D710FD0756E87B68FEEFA4E03EA.d.CD790514CE4853BF3D7EBBE7A9F58242.e.77/text {}
[16/08/2024 17:24] - http://localhost:60171 "GET /session/8f9e73324728fc16d9af4332f501d056/element/f.0DE21D710FD0756E87B68FEEFA4E03EA.d.CD790514CE4853BF3D7EBBE7A9F58242.e.77/text HTTP/1.1" 200 0
[16/08/2024 17:24] - Remote response: status=200 | data={"value":"19 Ago."} | headers=HTTPHeaderDict({'Content-Length': '19', 'Content-Type': 'application/json; charset=utf-8', 'cache-control': 'no-cache'})
[16/08/2024 17:24] - Finished Request
[16/08/2024 17:24] - GET http://localhost:60171/session/8f9e73324728fc16d9af4332f501d056/element/f.0DE21D710FD0756E87B68FEEFA4E03EA.d.CD790514CE4853BF3D7EBBE7A9F58242.e.84/text {}
[16/08/2024 17:24] - http://localhost:60171 "GET /session/8f9e73324728fc16d9af4332f501d056/element/f.0DE21D710FD0756E87B68FEEFA4E03EA.d.CD790514CE4853BF3D7EBBE7A9F58242.e.84/text HTTP/1.1" 200 0
[16/08/2024 17:24] - Remote response: status=200 | data={"value":"30°"} | headers=HTTPHeaderDict({'Content-Length': '16', 'Content-Type': 'application/json; charset=utf-8', 'cache-control': 'no-cache'})
[16/08/2024 17:24] - Finished Request
[16/08/2024 17:24] - GET http://localhost:60171/session/8f9e73324728fc16d9af4332f501d056/element/f.0DE21D710FD0756E87B68FEEFA4E03EA.d.CD790514CE4853BF3D7EBBE7A9F58242.e.73/text {}
[16/08/2024 17:24] - http://localhost:60171 "GET /session/8f9e73324728fc16d9af4332f501d056/element/f.0DE21D710FD0756E87B68FEEFA4E03EA.d.CD790514CE4853BF3D7EBBE7A9F58242.e.73/text HTTP/1.1" 200 0
[16/08/2024 17:24] - Remote response: status=200 | data={"value":"12°"} | headers=HTTPHeaderDict({'Content-Length': '16', 'Content-Type': 'application/json; charset=utf-8', 'cache-control': 'no-cache'})
[16/08/2024 17:24] - Finished Request
[16/08/2024 17:24] - POST http://localhost:60171/session/8f9e73324728fc16d9af4332f501d056/elements {'using': 'xpath', 'value': '//span[@class="subtitle-m"]'}
[16/08/2024 17:24] - http://localhost:60171 "POST /session/8f9e73324728fc16d9af4332f501d056/elements HTTP/1.1" 200 0
[16/08/2024 17:24] - Remote response: status=200 | data={"value":[{"element-6066-11e4-a52e-4f735466cecf":"f.0DE21D710FD0756E87B68FEEFA4E03EA.d.CD790514CE4853BF3D7EBBE7A9F58242.e.74"},{"element-6066-11e4-a52e-4f735466cecf":"f.0DE21D710FD0756E87B68FEEFA4E03EA.d.CD790514CE4853BF3D7EBBE7A9F58242.e.75"},{"element-6066-11e4-a52e-4f735466cecf":"f.0DE21D710FD0756E87B68FEEFA4E03EA.d.CD790514CE4853BF3D7EBBE7A9F58242.e.76"},{"element-6066-11e4-a52e-4f735466cecf":"f.0DE21D710FD0756E87B68FEEFA4E03EA.d.CD790514CE4853BF3D7EBBE7A9F58242.e.77"},{"element-6066-11e4-a52e-4f735466cecf":"f.0DE21D710FD0756E87B68FEEFA4E03EA.d.CD790514CE4853BF3D7EBBE7A9F58242.e.78"},{"element-6066-11e4-a52e-4f735466cecf":"f.0DE21D710FD0756E87B68FEEFA4E03EA.d.CD790514CE4853BF3D7EBBE7A9F58242.e.79"},{"element-6066-11e4-a52e-4f735466cecf":"f.0DE21D710FD0756E87B68FEEFA4E03EA.d.CD790514CE4853BF3D7EBBE7A9F58242.e.80"}]} | headers=HTTPHeaderDict({'Content-Length': '830', 'Content-Type': 'application/json; charset=utf-8', 'cache-control': 'no-cache'})
[16/08/2024 17:24] - Finished Request
[16/08/2024 17:24] - POST http://localhost:60171/session/8f9e73324728fc16d9af4332f501d056/elements {'using': 'xpath', 'value': '//span[@class="max changeUnitT"]'}
[16/08/2024 17:24] - http://localhost:60171 "POST /session/8f9e73324728fc16d9af4332f501d056/elements HTTP/1.1" 200 0
[16/08/2024 17:24] - Remote response: status=200 | data={"value":[{"element-6066-11e4-a52e-4f735466cecf":"f.0DE21D710FD0756E87B68FEEFA4E03EA.d.CD790514CE4853BF3D7EBBE7A9F58242.e.81"},{"element-6066-11e4-a52e-4f735466cecf":"f.0DE21D710FD0756E87B68FEEFA4E03EA.d.CD790514CE4853BF3D7EBBE7A9F58242.e.82"},{"element-6066-11e4-a52e-4f735466cecf":"f.0DE21D710FD0756E87B68FEEFA4E03EA.d.CD790514CE4853BF3D7EBBE7A9F58242.e.83"},{"element-6066-11e4-a52e-4f735466cecf":"f.0DE21D710FD0756E87B68FEEFA4E03EA.d.CD790514CE4853BF3D7EBBE7A9F58242.e.84"},{"element-6066-11e4-a52e-4f735466cecf":"f.0DE21D710FD0756E87B68FEEFA4E03EA.d.CD790514CE4853BF3D7EBBE7A9F58242.e.85"},{"element-6066-11e4-a52e-4f735466cecf":"f.0DE21D710FD0756E87B68FEEFA4E03EA.d.CD790514CE4853BF3D7EBBE7A9F58242.e.86"},{"element-6066-11e4-a52e-4f735466cecf":"f.0DE21D710FD0756E87B68FEEFA4E03EA.d.CD790514CE4853BF3D7EBBE7A9F58242.e.87"}]} | headers=HTTPHeaderDict({'Content-Length': '830', 'Content-Type': 'application/json; charset=utf-8', 'cache-control': 'no-cache'})
[16/08/2024 17:24] - Finished Request
[16/08/2024 17:24] - POST http://localhost:60171/session/8f9e73324728fc16d9af4332f501d056/elements {'using': 'xpath', 'value': '//span[@class="min changeUnitT"]'}
[16/08/2024 17:24] - http://localhost:60171 "POST /session/8f9e73324728fc16d9af4332f501d056/elements HTTP/1.1" 200 0
[16/08/2024 17:24] - Remote response: status=200 | data={"value":[{"element-6066-11e4-a52e-4f735466cecf":"f.0DE21D710FD0756E87B68FEEFA4E03EA.d.CD790514CE4853BF3D7EBBE7A9F58242.e.88"},{"element-6066-11e4-a52e-4f735466cecf":"f.0DE21D710FD0756E87B68FEEFA4E03EA.d.CD790514CE4853BF3D7EBBE7A9F58242.e.89"},{"element-6066-11e4-a52e-4f735466cecf":"f.0DE21D710FD0756E87B68FEEFA4E03EA.d.CD790514CE4853BF3D7EBBE7A9F58242.e.90"},{"element-6066-11e4-a52e-4f735466cecf":"f.0DE21D710FD0756E87B68FEEFA4E03EA.d.CD790514CE4853BF3D7EBBE7A9F58242.e.73"},{"element-6066-11e4-a52e-4f735466cecf":"f.0DE21D710FD0756E87B68FEEFA4E03EA.d.CD790514CE4853BF3D7EBBE7A9F58242.e.91"},{"element-6066-11e4-a52e-4f735466cecf":"f.0DE21D710FD0756E87B68FEEFA4E03EA.d.CD790514CE4853BF3D7EBBE7A9F58242.e.92"},{"element-6066-11e4-a52e-4f735466cecf":"f.0DE21D710FD0756E87B68FEEFA4E03EA.d.CD790514CE4853BF3D7EBBE7A9F58242.e.93"}]} | headers=HTTPHeaderDict({'Content-Length': '830', 'Content-Type': 'application/json; charset=utf-8', 'cache-control': 'no-cache'})
[16/08/2024 17:24] - Finished Request
[16/08/2024 17:24] - GET http://localhost:60171/session/8f9e73324728fc16d9af4332f501d056/element/f.0DE21D710FD0756E87B68FEEFA4E03EA.d.CD790514CE4853BF3D7EBBE7A9F58242.e.78/text {}
[16/08/2024 17:24] - http://localhost:60171 "GET /session/8f9e73324728fc16d9af4332f501d056/element/f.0DE21D710FD0756E87B68FEEFA4E03EA.d.CD790514CE4853BF3D7EBBE7A9F58242.e.78/text HTTP/1.1" 200 0
[16/08/2024 17:24] - Remote response: status=200 | data={"value":"20 Ago."} | headers=HTTPHeaderDict({'Content-Length': '19', 'Content-Type': 'application/json; charset=utf-8', 'cache-control': 'no-cache'})
[16/08/2024 17:24] - Finished Request
[16/08/2024 17:24] - GET http://localhost:60171/session/8f9e73324728fc16d9af4332f501d056/element/f.0DE21D710FD0756E87B68FEEFA4E03EA.d.CD790514CE4853BF3D7EBBE7A9F58242.e.85/text {}
[16/08/2024 17:24] - http://localhost:60171 "GET /session/8f9e73324728fc16d9af4332f501d056/element/f.0DE21D710FD0756E87B68FEEFA4E03EA.d.CD790514CE4853BF3D7EBBE7A9F58242.e.85/text HTTP/1.1" 200 0
[16/08/2024 17:24] - Remote response: status=200 | data={"value":"31°"} | headers=HTTPHeaderDict({'Content-Length': '16', 'Content-Type': 'application/json; charset=utf-8', 'cache-control': 'no-cache'})
[16/08/2024 17:24] - Finished Request
[16/08/2024 17:24] - GET http://localhost:60171/session/8f9e73324728fc16d9af4332f501d056/element/f.0DE21D710FD0756E87B68FEEFA4E03EA.d.CD790514CE4853BF3D7EBBE7A9F58242.e.91/text {}
[16/08/2024 17:24] - http://localhost:60171 "GET /session/8f9e73324728fc16d9af4332f501d056/element/f.0DE21D710FD0756E87B68FEEFA4E03EA.d.CD790514CE4853BF3D7EBBE7A9F58242.e.91/text HTTP/1.1" 200 0
[16/08/2024 17:24] - Remote response: status=200 | data={"value":"13°"} | headers=HTTPHeaderDict({'Content-Length': '16', 'Content-Type': 'application/json; charset=utf-8', 'cache-control': 'no-cache'})
[16/08/2024 17:24] - Finished Request
[16/08/2024 17:24] -   🌡️ Previsão para o Próximo dia: 20 Ago., Maxíma de: 31°Graus, Miníma de: 13°Graus

[16/08/2024 17:24] -  Iremos Subdvidir as informações acima
[16/08/2024 17:24] - GET http://localhost:60171/session/8f9e73324728fc16d9af4332f501d056/element/f.0DE21D710FD0756E87B68FEEFA4E03EA.d.CD790514CE4853BF3D7EBBE7A9F58242.e.78/text {}
[16/08/2024 17:24] - http://localhost:60171 "GET /session/8f9e73324728fc16d9af4332f501d056/element/f.0DE21D710FD0756E87B68FEEFA4E03EA.d.CD790514CE4853BF3D7EBBE7A9F58242.e.78/text HTTP/1.1" 200 0
[16/08/2024 17:24] - Remote response: status=200 | data={"value":"20 Ago."} | headers=HTTPHeaderDict({'Content-Length': '19', 'Content-Type': 'application/json; charset=utf-8', 'cache-control': 'no-cache'})
[16/08/2024 17:24] - Finished Request
[16/08/2024 17:24] - GET http://localhost:60171/session/8f9e73324728fc16d9af4332f501d056/element/f.0DE21D710FD0756E87B68FEEFA4E03EA.d.CD790514CE4853BF3D7EBBE7A9F58242.e.85/text {}
[16/08/2024 17:24] - http://localhost:60171 "GET /session/8f9e73324728fc16d9af4332f501d056/element/f.0DE21D710FD0756E87B68FEEFA4E03EA.d.CD790514CE4853BF3D7EBBE7A9F58242.e.85/text HTTP/1.1" 200 0
[16/08/2024 17:24] - Remote response: status=200 | data={"value":"31°"} | headers=HTTPHeaderDict({'Content-Length': '16', 'Content-Type': 'application/json; charset=utf-8', 'cache-control': 'no-cache'})
[16/08/2024 17:24] - Finished Request
[16/08/2024 17:24] - GET http://localhost:60171/session/8f9e73324728fc16d9af4332f501d056/element/f.0DE21D710FD0756E87B68FEEFA4E03EA.d.CD790514CE4853BF3D7EBBE7A9F58242.e.91/text {}
[16/08/2024 17:24] - http://localhost:60171 "GET /session/8f9e73324728fc16d9af4332f501d056/element/f.0DE21D710FD0756E87B68FEEFA4E03EA.d.CD790514CE4853BF3D7EBBE7A9F58242.e.91/text HTTP/1.1" 200 0
[16/08/2024 17:24] - Remote response: status=200 | data={"value":"13°"} | headers=HTTPHeaderDict({'Content-Length': '16', 'Content-Type': 'application/json; charset=utf-8', 'cache-control': 'no-cache'})
[16/08/2024 17:24] - Finished Request
[16/08/2024 17:24] - POST http://localhost:60171/session/8f9e73324728fc16d9af4332f501d056/elements {'using': 'xpath', 'value': '//span[@class="subtitle-m"]'}
[16/08/2024 17:24] - http://localhost:60171 "POST /session/8f9e73324728fc16d9af4332f501d056/elements HTTP/1.1" 200 0
[16/08/2024 17:24] - Remote response: status=200 | data={"value":[{"element-6066-11e4-a52e-4f735466cecf":"f.0DE21D710FD0756E87B68FEEFA4E03EA.d.CD790514CE4853BF3D7EBBE7A9F58242.e.74"},{"element-6066-11e4-a52e-4f735466cecf":"f.0DE21D710FD0756E87B68FEEFA4E03EA.d.CD790514CE4853BF3D7EBBE7A9F58242.e.75"},{"element-6066-11e4-a52e-4f735466cecf":"f.0DE21D710FD0756E87B68FEEFA4E03EA.d.CD790514CE4853BF3D7EBBE7A9F58242.e.76"},{"element-6066-11e4-a52e-4f735466cecf":"f.0DE21D710FD0756E87B68FEEFA4E03EA.d.CD790514CE4853BF3D7EBBE7A9F58242.e.77"},{"element-6066-11e4-a52e-4f735466cecf":"f.0DE21D710FD0756E87B68FEEFA4E03EA.d.CD790514CE4853BF3D7EBBE7A9F58242.e.78"},{"element-6066-11e4-a52e-4f735466cecf":"f.0DE21D710FD0756E87B68FEEFA4E03EA.d.CD790514CE4853BF3D7EBBE7A9F58242.e.79"},{"element-6066-11e4-a52e-4f735466cecf":"f.0DE21D710FD0756E87B68FEEFA4E03EA.d.CD790514CE4853BF3D7EBBE7A9F58242.e.80"}]} | headers=HTTPHeaderDict({'Content-Length': '830', 'Content-Type': 'application/json; charset=utf-8', 'cache-control': 'no-cache'})
[16/08/2024 17:24] - Finished Request
[16/08/2024 17:24] - POST http://localhost:60171/session/8f9e73324728fc16d9af4332f501d056/elements {'using': 'xpath', 'value': '//span[@class="max changeUnitT"]'}
[16/08/2024 17:24] - http://localhost:60171 "POST /session/8f9e73324728fc16d9af4332f501d056/elements HTTP/1.1" 200 0
[16/08/2024 17:24] - Remote response: status=200 | data={"value":[{"element-6066-11e4-a52e-4f735466cecf":"f.0DE21D710FD0756E87B68FEEFA4E03EA.d.CD790514CE4853BF3D7EBBE7A9F58242.e.81"},{"element-6066-11e4-a52e-4f735466cecf":"f.0DE21D710FD0756E87B68FEEFA4E03EA.d.CD790514CE4853BF3D7EBBE7A9F58242.e.82"},{"element-6066-11e4-a52e-4f735466cecf":"f.0DE21D710FD0756E87B68FEEFA4E03EA.d.CD790514CE4853BF3D7EBBE7A9F58242.e.83"},{"element-6066-11e4-a52e-4f735466cecf":"f.0DE21D710FD0756E87B68FEEFA4E03EA.d.CD790514CE4853BF3D7EBBE7A9F58242.e.84"},{"element-6066-11e4-a52e-4f735466cecf":"f.0DE21D710FD0756E87B68FEEFA4E03EA.d.CD790514CE4853BF3D7EBBE7A9F58242.e.85"},{"element-6066-11e4-a52e-4f735466cecf":"f.0DE21D710FD0756E87B68FEEFA4E03EA.d.CD790514CE4853BF3D7EBBE7A9F58242.e.86"},{"element-6066-11e4-a52e-4f735466cecf":"f.0DE21D710FD0756E87B68FEEFA4E03EA.d.CD790514CE4853BF3D7EBBE7A9F58242.e.87"}]} | headers=HTTPHeaderDict({'Content-Length': '830', 'Content-Type': 'application/json; charset=utf-8', 'cache-control': 'no-cache'})
[16/08/2024 17:24] - Finished Request
[16/08/2024 17:24] - POST http://localhost:60171/session/8f9e73324728fc16d9af4332f501d056/elements {'using': 'xpath', 'value': '//span[@class="min changeUnitT"]'}
[16/08/2024 17:24] - http://localhost:60171 "POST /session/8f9e73324728fc16d9af4332f501d056/elements HTTP/1.1" 200 0
[16/08/2024 17:24] - Remote response: status=200 | data={"value":[{"element-6066-11e4-a52e-4f735466cecf":"f.0DE21D710FD0756E87B68FEEFA4E03EA.d.CD790514CE4853BF3D7EBBE7A9F58242.e.88"},{"element-6066-11e4-a52e-4f735466cecf":"f.0DE21D710FD0756E87B68FEEFA4E03EA.d.CD790514CE4853BF3D7EBBE7A9F58242.e.89"},{"element-6066-11e4-a52e-4f735466cecf":"f.0DE21D710FD0756E87B68FEEFA4E03EA.d.CD790514CE4853BF3D7EBBE7A9F58242.e.90"},{"element-6066-11e4-a52e-4f735466cecf":"f.0DE21D710FD0756E87B68FEEFA4E03EA.d.CD790514CE4853BF3D7EBBE7A9F58242.e.73"},{"element-6066-11e4-a52e-4f735466cecf":"f.0DE21D710FD0756E87B68FEEFA4E03EA.d.CD790514CE4853BF3D7EBBE7A9F58242.e.91"},{"element-6066-11e4-a52e-4f735466cecf":"f.0DE21D710FD0756E87B68FEEFA4E03EA.d.CD790514CE4853BF3D7EBBE7A9F58242.e.92"},{"element-6066-11e4-a52e-4f735466cecf":"f.0DE21D710FD0756E87B68FEEFA4E03EA.d.CD790514CE4853BF3D7EBBE7A9F58242.e.93"}]} | headers=HTTPHeaderDict({'Content-Length': '830', 'Content-Type': 'application/json; charset=utf-8', 'cache-control': 'no-cache'})
[16/08/2024 17:24] - Finished Request
[16/08/2024 17:24] - GET http://localhost:60171/session/8f9e73324728fc16d9af4332f501d056/element/f.0DE21D710FD0756E87B68FEEFA4E03EA.d.CD790514CE4853BF3D7EBBE7A9F58242.e.79/text {}
[16/08/2024 17:24] - http://localhost:60171 "GET /session/8f9e73324728fc16d9af4332f501d056/element/f.0DE21D710FD0756E87B68FEEFA4E03EA.d.CD790514CE4853BF3D7EBBE7A9F58242.e.79/text HTTP/1.1" 200 0
[16/08/2024 17:24] - Remote response: status=200 | data={"value":"21 Ago."} | headers=HTTPHeaderDict({'Content-Length': '19', 'Content-Type': 'application/json; charset=utf-8', 'cache-control': 'no-cache'})
[16/08/2024 17:24] - Finished Request
[16/08/2024 17:24] - GET http://localhost:60171/session/8f9e73324728fc16d9af4332f501d056/element/f.0DE21D710FD0756E87B68FEEFA4E03EA.d.CD790514CE4853BF3D7EBBE7A9F58242.e.86/text {}
[16/08/2024 17:24] - http://localhost:60171 "GET /session/8f9e73324728fc16d9af4332f501d056/element/f.0DE21D710FD0756E87B68FEEFA4E03EA.d.CD790514CE4853BF3D7EBBE7A9F58242.e.86/text HTTP/1.1" 200 0
[16/08/2024 17:24] - Remote response: status=200 | data={"value":"31°"} | headers=HTTPHeaderDict({'Content-Length': '16', 'Content-Type': 'application/json; charset=utf-8', 'cache-control': 'no-cache'})
[16/08/2024 17:24] - Finished Request
[16/08/2024 17:24] - GET http://localhost:60171/session/8f9e73324728fc16d9af4332f501d056/element/f.0DE21D710FD0756E87B68FEEFA4E03EA.d.CD790514CE4853BF3D7EBBE7A9F58242.e.92/text {}
[16/08/2024 17:24] - http://localhost:60171 "GET /session/8f9e73324728fc16d9af4332f501d056/element/f.0DE21D710FD0756E87B68FEEFA4E03EA.d.CD790514CE4853BF3D7EBBE7A9F58242.e.92/text HTTP/1.1" 200 0
[16/08/2024 17:24] - Remote response: status=200 | data={"value":"13°"} | headers=HTTPHeaderDict({'Content-Length': '16', 'Content-Type': 'application/json; charset=utf-8', 'cache-control': 'no-cache'})
[16/08/2024 17:24] - Finished Request
[16/08/2024 17:24] -   🌡️ Previsão para o Próximo dia: 21 Ago., Maxíma de: 31°Graus, Miníma de: 13°Graus

[16/08/2024 17:24] -  Iremos Subdvidir as informações acima
[16/08/2024 17:24] - GET http://localhost:60171/session/8f9e73324728fc16d9af4332f501d056/element/f.0DE21D710FD0756E87B68FEEFA4E03EA.d.CD790514CE4853BF3D7EBBE7A9F58242.e.79/text {}
[16/08/2024 17:24] - http://localhost:60171 "GET /session/8f9e73324728fc16d9af4332f501d056/element/f.0DE21D710FD0756E87B68FEEFA4E03EA.d.CD790514CE4853BF3D7EBBE7A9F58242.e.79/text HTTP/1.1" 200 0
[16/08/2024 17:24] - Remote response: status=200 | data={"value":"21 Ago."} | headers=HTTPHeaderDict({'Content-Length': '19', 'Content-Type': 'application/json; charset=utf-8', 'cache-control': 'no-cache'})
[16/08/2024 17:24] - Finished Request
[16/08/2024 17:24] - GET http://localhost:60171/session/8f9e73324728fc16d9af4332f501d056/element/f.0DE21D710FD0756E87B68FEEFA4E03EA.d.CD790514CE4853BF3D7EBBE7A9F58242.e.86/text {}
[16/08/2024 17:24] - http://localhost:60171 "GET /session/8f9e73324728fc16d9af4332f501d056/element/f.0DE21D710FD0756E87B68FEEFA4E03EA.d.CD790514CE4853BF3D7EBBE7A9F58242.e.86/text HTTP/1.1" 200 0
[16/08/2024 17:24] - Remote response: status=200 | data={"value":"31°"} | headers=HTTPHeaderDict({'Content-Length': '16', 'Content-Type': 'application/json; charset=utf-8', 'cache-control': 'no-cache'})
[16/08/2024 17:24] - Finished Request
[16/08/2024 17:24] - GET http://localhost:60171/session/8f9e73324728fc16d9af4332f501d056/element/f.0DE21D710FD0756E87B68FEEFA4E03EA.d.CD790514CE4853BF3D7EBBE7A9F58242.e.92/text {}
[16/08/2024 17:24] - http://localhost:60171 "GET /session/8f9e73324728fc16d9af4332f501d056/element/f.0DE21D710FD0756E87B68FEEFA4E03EA.d.CD790514CE4853BF3D7EBBE7A9F58242.e.92/text HTTP/1.1" 200 0
[16/08/2024 17:24] - Remote response: status=200 | data={"value":"13°"} | headers=HTTPHeaderDict({'Content-Length': '16', 'Content-Type': 'application/json; charset=utf-8', 'cache-control': 'no-cache'})
[16/08/2024 17:24] - Finished Request
[16/08/2024 17:24] - POST http://localhost:60171/session/8f9e73324728fc16d9af4332f501d056/elements {'using': 'xpath', 'value': '//span[@class="subtitle-m"]'}
[16/08/2024 17:24] - http://localhost:60171 "POST /session/8f9e73324728fc16d9af4332f501d056/elements HTTP/1.1" 200 0
[16/08/2024 17:24] - Remote response: status=200 | data={"value":[{"element-6066-11e4-a52e-4f735466cecf":"f.0DE21D710FD0756E87B68FEEFA4E03EA.d.CD790514CE4853BF3D7EBBE7A9F58242.e.74"},{"element-6066-11e4-a52e-4f735466cecf":"f.0DE21D710FD0756E87B68FEEFA4E03EA.d.CD790514CE4853BF3D7EBBE7A9F58242.e.75"},{"element-6066-11e4-a52e-4f735466cecf":"f.0DE21D710FD0756E87B68FEEFA4E03EA.d.CD790514CE4853BF3D7EBBE7A9F58242.e.76"},{"element-6066-11e4-a52e-4f735466cecf":"f.0DE21D710FD0756E87B68FEEFA4E03EA.d.CD790514CE4853BF3D7EBBE7A9F58242.e.77"},{"element-6066-11e4-a52e-4f735466cecf":"f.0DE21D710FD0756E87B68FEEFA4E03EA.d.CD790514CE4853BF3D7EBBE7A9F58242.e.78"},{"element-6066-11e4-a52e-4f735466cecf":"f.0DE21D710FD0756E87B68FEEFA4E03EA.d.CD790514CE4853BF3D7EBBE7A9F58242.e.79"},{"element-6066-11e4-a52e-4f735466cecf":"f.0DE21D710FD0756E87B68FEEFA4E03EA.d.CD790514CE4853BF3D7EBBE7A9F58242.e.80"}]} | headers=HTTPHeaderDict({'Content-Length': '830', 'Content-Type': 'application/json; charset=utf-8', 'cache-control': 'no-cache'})
[16/08/2024 17:24] - Finished Request
[16/08/2024 17:24] - POST http://localhost:60171/session/8f9e73324728fc16d9af4332f501d056/elements {'using': 'xpath', 'value': '//span[@class="max changeUnitT"]'}
[16/08/2024 17:24] - http://localhost:60171 "POST /session/8f9e73324728fc16d9af4332f501d056/elements HTTP/1.1" 200 0
[16/08/2024 17:24] - Remote response: status=200 | data={"value":[{"element-6066-11e4-a52e-4f735466cecf":"f.0DE21D710FD0756E87B68FEEFA4E03EA.d.CD790514CE4853BF3D7EBBE7A9F58242.e.81"},{"element-6066-11e4-a52e-4f735466cecf":"f.0DE21D710FD0756E87B68FEEFA4E03EA.d.CD790514CE4853BF3D7EBBE7A9F58242.e.82"},{"element-6066-11e4-a52e-4f735466cecf":"f.0DE21D710FD0756E87B68FEEFA4E03EA.d.CD790514CE4853BF3D7EBBE7A9F58242.e.83"},{"element-6066-11e4-a52e-4f735466cecf":"f.0DE21D710FD0756E87B68FEEFA4E03EA.d.CD790514CE4853BF3D7EBBE7A9F58242.e.84"},{"element-6066-11e4-a52e-4f735466cecf":"f.0DE21D710FD0756E87B68FEEFA4E03EA.d.CD790514CE4853BF3D7EBBE7A9F58242.e.85"},{"element-6066-11e4-a52e-4f735466cecf":"f.0DE21D710FD0756E87B68FEEFA4E03EA.d.CD790514CE4853BF3D7EBBE7A9F58242.e.86"},{"element-6066-11e4-a52e-4f735466cecf":"f.0DE21D710FD0756E87B68FEEFA4E03EA.d.CD790514CE4853BF3D7EBBE7A9F58242.e.87"}]} | headers=HTTPHeaderDict({'Content-Length': '830', 'Content-Type': 'application/json; charset=utf-8', 'cache-control': 'no-cache'})
[16/08/2024 17:24] - Finished Request
[16/08/2024 17:24] - POST http://localhost:60171/session/8f9e73324728fc16d9af4332f501d056/elements {'using': 'xpath', 'value': '//span[@class="min changeUnitT"]'}
[16/08/2024 17:24] - http://localhost:60171 "POST /session/8f9e73324728fc16d9af4332f501d056/elements HTTP/1.1" 200 0
[16/08/2024 17:24] - Remote response: status=200 | data={"value":[{"element-6066-11e4-a52e-4f735466cecf":"f.0DE21D710FD0756E87B68FEEFA4E03EA.d.CD790514CE4853BF3D7EBBE7A9F58242.e.88"},{"element-6066-11e4-a52e-4f735466cecf":"f.0DE21D710FD0756E87B68FEEFA4E03EA.d.CD790514CE4853BF3D7EBBE7A9F58242.e.89"},{"element-6066-11e4-a52e-4f735466cecf":"f.0DE21D710FD0756E87B68FEEFA4E03EA.d.CD790514CE4853BF3D7EBBE7A9F58242.e.90"},{"element-6066-11e4-a52e-4f735466cecf":"f.0DE21D710FD0756E87B68FEEFA4E03EA.d.CD790514CE4853BF3D7EBBE7A9F58242.e.73"},{"element-6066-11e4-a52e-4f735466cecf":"f.0DE21D710FD0756E87B68FEEFA4E03EA.d.CD790514CE4853BF3D7EBBE7A9F58242.e.91"},{"element-6066-11e4-a52e-4f735466cecf":"f.0DE21D710FD0756E87B68FEEFA4E03EA.d.CD790514CE4853BF3D7EBBE7A9F58242.e.92"},{"element-6066-11e4-a52e-4f735466cecf":"f.0DE21D710FD0756E87B68FEEFA4E03EA.d.CD790514CE4853BF3D7EBBE7A9F58242.e.93"}]} | headers=HTTPHeaderDict({'Content-Length': '830', 'Content-Type': 'application/json; charset=utf-8', 'cache-control': 'no-cache'})
[16/08/2024 17:24] - Finished Request
[16/08/2024 17:24] - GET http://localhost:60171/session/8f9e73324728fc16d9af4332f501d056/element/f.0DE21D710FD0756E87B68FEEFA4E03EA.d.CD790514CE4853BF3D7EBBE7A9F58242.e.80/text {}
[16/08/2024 17:24] - http://localhost:60171 "GET /session/8f9e73324728fc16d9af4332f501d056/element/f.0DE21D710FD0756E87B68FEEFA4E03EA.d.CD790514CE4853BF3D7EBBE7A9F58242.e.80/text HTTP/1.1" 200 0
[16/08/2024 17:24] - Remote response: status=200 | data={"value":"22 Ago."} | headers=HTTPHeaderDict({'Content-Length': '19', 'Content-Type': 'application/json; charset=utf-8', 'cache-control': 'no-cache'})
[16/08/2024 17:24] - Finished Request
[16/08/2024 17:24] - GET http://localhost:60171/session/8f9e73324728fc16d9af4332f501d056/element/f.0DE21D710FD0756E87B68FEEFA4E03EA.d.CD790514CE4853BF3D7EBBE7A9F58242.e.87/text {}
[16/08/2024 17:24] - http://localhost:60171 "GET /session/8f9e73324728fc16d9af4332f501d056/element/f.0DE21D710FD0756E87B68FEEFA4E03EA.d.CD790514CE4853BF3D7EBBE7A9F58242.e.87/text HTTP/1.1" 200 0
[16/08/2024 17:24] - Remote response: status=200 | data={"value":"33°"} | headers=HTTPHeaderDict({'Content-Length': '16', 'Content-Type': 'application/json; charset=utf-8', 'cache-control': 'no-cache'})
[16/08/2024 17:24] - Finished Request
[16/08/2024 17:24] - GET http://localhost:60171/session/8f9e73324728fc16d9af4332f501d056/element/f.0DE21D710FD0756E87B68FEEFA4E03EA.d.CD790514CE4853BF3D7EBBE7A9F58242.e.93/text {}
[16/08/2024 17:24] - http://localhost:60171 "GET /session/8f9e73324728fc16d9af4332f501d056/element/f.0DE21D710FD0756E87B68FEEFA4E03EA.d.CD790514CE4853BF3D7EBBE7A9F58242.e.93/text HTTP/1.1" 200 0
[16/08/2024 17:24] - Remote response: status=200 | data={"value":"14°"} | headers=HTTPHeaderDict({'Content-Length': '16', 'Content-Type': 'application/json; charset=utf-8', 'cache-control': 'no-cache'})
[16/08/2024 17:24] - Finished Request
[16/08/2024 17:24] -   🌡️ Previsão para o Próximo dia: 22 Ago., Maxíma de: 33°Graus, Miníma de: 14°Graus

[16/08/2024 17:24] -  Iremos Subdvidir as informações acima
[16/08/2024 17:24] - GET http://localhost:60171/session/8f9e73324728fc16d9af4332f501d056/element/f.0DE21D710FD0756E87B68FEEFA4E03EA.d.CD790514CE4853BF3D7EBBE7A9F58242.e.80/text {}
[16/08/2024 17:24] - http://localhost:60171 "GET /session/8f9e73324728fc16d9af4332f501d056/element/f.0DE21D710FD0756E87B68FEEFA4E03EA.d.CD790514CE4853BF3D7EBBE7A9F58242.e.80/text HTTP/1.1" 200 0
[16/08/2024 17:24] - Remote response: status=200 | data={"value":"22 Ago."} | headers=HTTPHeaderDict({'Content-Length': '19', 'Content-Type': 'application/json; charset=utf-8', 'cache-control': 'no-cache'})
[16/08/2024 17:24] - Finished Request
[16/08/2024 17:24] - GET http://localhost:60171/session/8f9e73324728fc16d9af4332f501d056/element/f.0DE21D710FD0756E87B68FEEFA4E03EA.d.CD790514CE4853BF3D7EBBE7A9F58242.e.87/text {}
[16/08/2024 17:24] - http://localhost:60171 "GET /session/8f9e73324728fc16d9af4332f501d056/element/f.0DE21D710FD0756E87B68FEEFA4E03EA.d.CD790514CE4853BF3D7EBBE7A9F58242.e.87/text HTTP/1.1" 200 0
[16/08/2024 17:24] - Remote response: status=200 | data={"value":"33°"} | headers=HTTPHeaderDict({'Content-Length': '16', 'Content-Type': 'application/json; charset=utf-8', 'cache-control': 'no-cache'})
[16/08/2024 17:24] - Finished Request
[16/08/2024 17:24] - GET http://localhost:60171/session/8f9e73324728fc16d9af4332f501d056/element/f.0DE21D710FD0756E87B68FEEFA4E03EA.d.CD790514CE4853BF3D7EBBE7A9F58242.e.93/text {}
[16/08/2024 17:24] - http://localhost:60171 "GET /session/8f9e73324728fc16d9af4332f501d056/element/f.0DE21D710FD0756E87B68FEEFA4E03EA.d.CD790514CE4853BF3D7EBBE7A9F58242.e.93/text HTTP/1.1" 200 0
[16/08/2024 17:24] - Remote response: status=200 | data={"value":"14°"} | headers=HTTPHeaderDict({'Content-Length': '16', 'Content-Type': 'application/json; charset=utf-8', 'cache-control': 'no-cache'})
[16/08/2024 17:24] - Finished Request
[16/08/2024 17:24] -  🤖🤖Obrigado por usar o Nosso Boot🤖🤖🤖 
[16/08/2024 17:24] - 

[16/08/2024 17:24] - 🌞 Enviar previsão do 🌞 tempo Via E-mail 📧.16/08/2024  17:24
[16/08/2024 17:24] - Criando configurações para o Envio de E-mail....
[16/08/2024 17:24] - Iremos formatar o envio do E-mail via HTML...
[16/08/2024 17:24] - GET http://localhost:60171/session/8f9e73324728fc16d9af4332f501d056/element/f.0DE21D710FD0756E87B68FEEFA4E03EA.d.CD790514CE4853BF3D7EBBE7A9F58242.e.70/text {}
[16/08/2024 17:24] - http://localhost:60171 "GET /session/8f9e73324728fc16d9af4332f501d056/element/f.0DE21D710FD0756E87B68FEEFA4E03EA.d.CD790514CE4853BF3D7EBBE7A9F58242.e.70/text HTTP/1.1" 200 0
[16/08/2024 17:24] - Remote response: status=200 | data={"value":"25°"} | headers=HTTPHeaderDict({'Content-Length': '16', 'Content-Type': 'application/json; charset=utf-8', 'cache-control': 'no-cache'})
[16/08/2024 17:24] - Finished Request
[16/08/2024 17:24] - GET http://localhost:60171/session/8f9e73324728fc16d9af4332f501d056/element/f.0DE21D710FD0756E87B68FEEFA4E03EA.d.CD790514CE4853BF3D7EBBE7A9F58242.e.71/text {}
[16/08/2024 17:24] - http://localhost:60171 "GET /session/8f9e73324728fc16d9af4332f501d056/element/f.0DE21D710FD0756E87B68FEEFA4E03EA.d.CD790514CE4853BF3D7EBBE7A9F58242.e.71/text HTTP/1.1" 200 0
[16/08/2024 17:24] - Remote response: status=200 | data={"value":"Sensação de 26°"} | headers=HTTPHeaderDict({'Content-Length': '30', 'Content-Type': 'application/json; charset=utf-8', 'cache-control': 'no-cache'})
[16/08/2024 17:24] - Finished Request
[16/08/2024 17:24] - 🥹 🥵 Erro Ao Formatar a Página em Html e Css... 🥹 🥵
