[15/08/2024 17:38] - Hello, World!
[15/08/2024 17:38] - Bem- Vimdo, Regis!!!!
[15/08/2024 17:38] - Isso e Critico, Bem- Vimdo, Regis!!!!
[15/08/2024 17:38] - Atenção, Bem- Vimdo, Regis!!!!
[15/08/2024 17:38] - Adicionamos mais uma função.....



[16/08/2024 14:11] - ====== WebDriver manager ======
[16/08/2024 14:11] - Get LATEST edgedriver version for Edge 127.0.2651
[16/08/2024 14:11] - Starting new HTTPS connection (1): msedgedriver.azureedge.net:443
[16/08/2024 14:11] - https://msedgedriver.azureedge.net:443 "GET /LATEST_RELEASE_127_WINDOWS HTTP/1.1" 200 34
[16/08/2024 14:11] - override steps (5) and chunk_size (512) as content does not fit (34 byte(s) given) parameters.
[16/08/2024 14:11] - Detected a SIG or BOM mark on first 2 byte(s). Priority +1 given for utf_16.
[16/08/2024 14:11] - Code page utf_16 is a multi byte encoding table and it appear that at least one character was encoded using n-bytes.
[16/08/2024 14:11] - utf_16 passed initial chaos probing. Mean measured chaos is 0.000000 %
[16/08/2024 14:11] - Encoding detection: utf_16 is most likely the one as we detected a BOM or SIG within the beginning of the sequence.
[16/08/2024 14:11] - About to download new driver from https://msedgedriver.azureedge.net/127.0.2651.105/edgedriver_win64.zip
[16/08/2024 14:11] - Starting new HTTPS connection (1): msedgedriver.azureedge.net:443
[16/08/2024 14:11] - https://msedgedriver.azureedge.net:443 "GET /127.0.2651.105/edgedriver_win64.zip HTTP/1.1" 200 9571292
[16/08/2024 14:11] - Driver has been saved in cache [C:\Users\RegenilsonSilveira\.wdm\drivers\edgedriver\win64\127.0.2651.105]
[16/08/2024 14:11] - Skipping Selenium Manager; path to MicrosoftEdge driver specified in Service class: C:\Users\RegenilsonSilveira\.wdm\drivers\edgedriver\win64\127.0.2651.105\msedgedriver.exe
[16/08/2024 14:11] - Started executable: `C:\Users\RegenilsonSilveira\.wdm\drivers\edgedriver\win64\127.0.2651.105\msedgedriver.exe` in a child process with pid: 17052 using 0 to output -3
[16/08/2024 14:11] - POST http://localhost:52184/session {'capabilities': {'firstMatch': [{}], 'alwaysMatch': {'browserName': 'MicrosoftEdge', 'pageLoadStrategy': <PageLoadStrategy.normal: 'normal'>, 'ms:edgeOptions': {'extensions': [], 'args': ['--lang=pt-BR', '--headless', 'disable-notifications', 'ignore-certificate-errors', '--ignore-ssl-errors', '--ignore-certificate-errors', '--ignore-ssl-errors']}}}}
[16/08/2024 14:11] - Starting new HTTP connection (1): localhost:52184
[16/08/2024 14:11] - http://localhost:52184 "POST /session HTTP/1.1" 200 0
[16/08/2024 14:11] - Remote response: status=200 | data={"value":{"capabilities":{"acceptInsecureCerts":false,"browserName":"msedge-headless-shell","browserVersion":"127.0.2651.98","fedcm:accounts":true,"ms:edgeOptions":{"debuggerAddress":"localhost:52187"},"msedge":{"msedgedriverVersion":"127.0.2651.105 (e2354f41f843b7d54f64847c15428307924b774d)","userDataDir":"C:\\Users\\REGENI~1\\AppData\\Local\\Temp\\scoped_dir17052_49272808"},"networkConnectionEnabled":false,"pageLoadStrategy":"normal","platformName":"windows","proxy":{},"setWindowRect":true,"strictFileInteractability":false,"timeouts":{"implicit":0,"pageLoad":300000,"script":30000},"unhandledPromptBehavior":"dismiss and notify","webauthn:extension:credBlob":true,"webauthn:extension:largeBlob":true,"webauthn:extension:minPinLength":true,"webauthn:extension:prf":true,"webauthn:virtualAuthenticators":true},"sessionId":"ffdff7c4cb17219f30eb051c8751740c"}} | headers=HTTPHeaderDict({'Content-Length': '864', 'Content-Type': 'application/json; charset=utf-8', 'cache-control': 'no-cache'})
[16/08/2024 14:11] - Finished Request
[16/08/2024 14:11] - O Dotenv é uma biblioteca Python que permite carregar variáveis de ambiente a partir de um arquivo .env.
[16/08/2024 14:11] - Configuração de Login 


[16/08/2024 14:11] - POST http://localhost:52184/session/ffdff7c4cb17219f30eb051c8751740c/window/maximize {}
[16/08/2024 14:11] - http://localhost:52184 "POST /session/ffdff7c4cb17219f30eb051c8751740c/window/maximize HTTP/1.1" 200 0
[16/08/2024 14:11] - Remote response: status=200 | data={"value":{"height":600,"width":800,"x":0,"y":0}} | headers=HTTPHeaderDict({'Content-Length': '48', 'Content-Type': 'application/json; charset=utf-8', 'cache-control': 'no-cache'})
[16/08/2024 14:11] - Finished Request
[16/08/2024 14:11] - POST http://localhost:52184/session/ffdff7c4cb17219f30eb051c8751740c/url {'url': 'https://www.tempo.com/guarulhos-civ-mil.htm'}
[16/08/2024 14:11] - http://localhost:52184 "POST /session/ffdff7c4cb17219f30eb051c8751740c/url HTTP/1.1" 200 0
[16/08/2024 14:11] - Remote response: status=200 | data={"value":null} | headers=HTTPHeaderDict({'Content-Length': '14', 'Content-Type': 'application/json; charset=utf-8', 'cache-control': 'no-cache'})
[16/08/2024 14:11] - Finished Request
[16/08/2024 14:11] - POST http://localhost:52184/session/ffdff7c4cb17219f30eb051c8751740c/elements {'using': 'xpath', 'value': ' //*[starts-with(text(),"Previsão do tempo Guarulhos - SP")]'}
[16/08/2024 14:11] - http://localhost:52184 "POST /session/ffdff7c4cb17219f30eb051c8751740c/elements HTTP/1.1" 200 0
[16/08/2024 14:11] - Remote response: status=200 | data={"value":[{"element-6066-11e4-a52e-4f735466cecf":"f.CEA009869A663FCB66A35398C30CC1F6.d.67912C60F8E44F3CCE74E6CA8A061CE2.e.70"}]} | headers=HTTPHeaderDict({'Content-Length': '128', 'Content-Type': 'application/json; charset=utf-8', 'cache-control': 'no-cache'})
[16/08/2024 14:11] - Finished Request
[16/08/2024 14:11] - Encontramos....🎙️
[16/08/2024 14:11] - 🪟  Estamos Efetivamente dentro das Condições meteorológicas Da sua Cidade.
[16/08/2024 14:11] - GET http://localhost:52184/session/ffdff7c4cb17219f30eb051c8751740c/element/f.CEA009869A663FCB66A35398C30CC1F6.d.67912C60F8E44F3CCE74E6CA8A061CE2.e.70/text {}
[16/08/2024 14:11] - http://localhost:52184 "GET /session/ffdff7c4cb17219f30eb051c8751740c/element/f.CEA009869A663FCB66A35398C30CC1F6.d.67912C60F8E44F3CCE74E6CA8A061CE2.e.70/text HTTP/1.1" 200 0
[16/08/2024 14:11] - Remote response: status=200 | data={"value":"Previsão do tempo Guarulhos - SP"} | headers=HTTPHeaderDict({'Content-Length': '45', 'Content-Type': 'application/json; charset=utf-8', 'cache-control': 'no-cache'})
[16/08/2024 14:11] - Finished Request
[16/08/2024 14:11] - GET http://localhost:52184/session/ffdff7c4cb17219f30eb051c8751740c/element/f.CEA009869A663FCB66A35398C30CC1F6.d.67912C60F8E44F3CCE74E6CA8A061CE2.e.70/text {}
[16/08/2024 14:11] - http://localhost:52184 "GET /session/ffdff7c4cb17219f30eb051c8751740c/element/f.CEA009869A663FCB66A35398C30CC1F6.d.67912C60F8E44F3CCE74E6CA8A061CE2.e.70/text HTTP/1.1" 200 0
[16/08/2024 14:11] - Remote response: status=200 | data={"value":"Previsão do tempo Guarulhos - SP"} | headers=HTTPHeaderDict({'Content-Length': '45', 'Content-Type': 'application/json; charset=utf-8', 'cache-control': 'no-cache'})
[16/08/2024 14:11] - Finished Request
[16/08/2024 14:11] - Sua Cidade é 🇧🇷 : Previsão do tempo Guarulhos - SP
[16/08/2024 14:11] - 


[16/08/2024 14:11] - POST http://localhost:52184/session/ffdff7c4cb17219f30eb051c8751740c/elements {'using': 'xpath', 'value': '//span[@class="dato-temperatura changeUnitT"]'}
[16/08/2024 14:11] - http://localhost:52184 "POST /session/ffdff7c4cb17219f30eb051c8751740c/elements HTTP/1.1" 200 0
[16/08/2024 14:11] - Remote response: status=200 | data={"value":[{"element-6066-11e4-a52e-4f735466cecf":"f.CEA009869A663FCB66A35398C30CC1F6.d.67912C60F8E44F3CCE74E6CA8A061CE2.e.71"}]} | headers=HTTPHeaderDict({'Content-Length': '128', 'Content-Type': 'application/json; charset=utf-8', 'cache-control': 'no-cache'})
[16/08/2024 14:11] - Finished Request
[16/08/2024 14:11] - POST http://localhost:52184/session/ffdff7c4cb17219f30eb051c8751740c/elements {'using': 'xpath', 'value': '//span[@class="sensacion changeUnitT"]'}
[16/08/2024 14:11] - http://localhost:52184 "POST /session/ffdff7c4cb17219f30eb051c8751740c/elements HTTP/1.1" 200 0
[16/08/2024 14:11] - Remote response: status=200 | data={"value":[{"element-6066-11e4-a52e-4f735466cecf":"f.CEA009869A663FCB66A35398C30CC1F6.d.67912C60F8E44F3CCE74E6CA8A061CE2.e.72"}]} | headers=HTTPHeaderDict({'Content-Length': '128', 'Content-Type': 'application/json; charset=utf-8', 'cache-control': 'no-cache'})
[16/08/2024 14:11] - Finished Request
[16/08/2024 14:11] -  🌡️ Encontramos. -> TEMPERATURA ATUAL 🌡️
[16/08/2024 14:11] - GET http://localhost:52184/session/ffdff7c4cb17219f30eb051c8751740c/element/f.CEA009869A663FCB66A35398C30CC1F6.d.67912C60F8E44F3CCE74E6CA8A061CE2.e.71/text {}
[16/08/2024 14:11] - http://localhost:52184 "GET /session/ffdff7c4cb17219f30eb051c8751740c/element/f.CEA009869A663FCB66A35398C30CC1F6.d.67912C60F8E44F3CCE74E6CA8A061CE2.e.71/text HTTP/1.1" 200 0
[16/08/2024 14:11] - Remote response: status=200 | data={"value":"28°"} | headers=HTTPHeaderDict({'Content-Length': '16', 'Content-Type': 'application/json; charset=utf-8', 'cache-control': 'no-cache'})
[16/08/2024 14:11] - Finished Request
[16/08/2024 14:11] - GET http://localhost:52184/session/ffdff7c4cb17219f30eb051c8751740c/element/f.CEA009869A663FCB66A35398C30CC1F6.d.67912C60F8E44F3CCE74E6CA8A061CE2.e.71/text {}
[16/08/2024 14:11] - http://localhost:52184 "GET /session/ffdff7c4cb17219f30eb051c8751740c/element/f.CEA009869A663FCB66A35398C30CC1F6.d.67912C60F8E44F3CCE74E6CA8A061CE2.e.71/text HTTP/1.1" 200 0
[16/08/2024 14:11] - Remote response: status=200 | data={"value":"28°"} | headers=HTTPHeaderDict({'Content-Length': '16', 'Content-Type': 'application/json; charset=utf-8', 'cache-control': 'no-cache'})
[16/08/2024 14:11] - Finished Request
[16/08/2024 14:11] - 🌞 Hoje a Temperatura Atual da sua Cidade é: 28° Graus
[16/08/2024 14:11] - GET http://localhost:52184/session/ffdff7c4cb17219f30eb051c8751740c/element/f.CEA009869A663FCB66A35398C30CC1F6.d.67912C60F8E44F3CCE74E6CA8A061CE2.e.72/text {}
[16/08/2024 14:11] - http://localhost:52184 "GET /session/ffdff7c4cb17219f30eb051c8751740c/element/f.CEA009869A663FCB66A35398C30CC1F6.d.67912C60F8E44F3CCE74E6CA8A061CE2.e.72/text HTTP/1.1" 200 0
[16/08/2024 14:11] - Remote response: status=200 | data={"value":"Sensação de 27°"} | headers=HTTPHeaderDict({'Content-Length': '30', 'Content-Type': 'application/json; charset=utf-8', 'cache-control': 'no-cache'})
[16/08/2024 14:11] - Finished Request
[16/08/2024 14:11] - GET http://localhost:52184/session/ffdff7c4cb17219f30eb051c8751740c/element/f.CEA009869A663FCB66A35398C30CC1F6.d.67912C60F8E44F3CCE74E6CA8A061CE2.e.72/text {}
[16/08/2024 14:11] - http://localhost:52184 "GET /session/ffdff7c4cb17219f30eb051c8751740c/element/f.CEA009869A663FCB66A35398C30CC1F6.d.67912C60F8E44F3CCE74E6CA8A061CE2.e.72/text HTTP/1.1" 200 0
[16/08/2024 14:11] - Remote response: status=200 | data={"value":"Sensação de 27°"} | headers=HTTPHeaderDict({'Content-Length': '30', 'Content-Type': 'application/json; charset=utf-8', 'cache-control': 'no-cache'})
[16/08/2024 14:11] - Finished Request
[16/08/2024 14:11] - ⛅ Sensação Termica da sua Cidade é 🌡️ de : Sensação de 27° Graus
[16/08/2024 14:11] - 


[16/08/2024 14:11] - POST http://localhost:52184/session/ffdff7c4cb17219f30eb051c8751740c/execute/sync {'script': 'window.scrollTo(0, 200);', 'args': []}
[16/08/2024 14:11] - http://localhost:52184 "POST /session/ffdff7c4cb17219f30eb051c8751740c/execute/sync HTTP/1.1" 200 0
[16/08/2024 14:11] - Remote response: status=200 | data={"value":null} | headers=HTTPHeaderDict({'Content-Length': '14', 'Content-Type': 'application/json; charset=utf-8', 'cache-control': 'no-cache'})
[16/08/2024 14:11] - Finished Request
[16/08/2024 14:11] -  Criamos uma LISTA vazia, que irá receber a partir do 'FOR' as previsões futuras, Depois iremos disponibilizar no Campo de Envio de E-mails 
[16/08/2024 14:11] - POST http://localhost:52184/session/ffdff7c4cb17219f30eb051c8751740c/elements {'using': 'xpath', 'value': '//span[@class="subtitle-m"]'}
[16/08/2024 14:11] - http://localhost:52184 "POST /session/ffdff7c4cb17219f30eb051c8751740c/elements HTTP/1.1" 200 0
[16/08/2024 14:11] - Remote response: status=200 | data={"value":[{"element-6066-11e4-a52e-4f735466cecf":"f.CEA009869A663FCB66A35398C30CC1F6.d.67912C60F8E44F3CCE74E6CA8A061CE2.e.75"},{"element-6066-11e4-a52e-4f735466cecf":"f.CEA009869A663FCB66A35398C30CC1F6.d.67912C60F8E44F3CCE74E6CA8A061CE2.e.76"},{"element-6066-11e4-a52e-4f735466cecf":"f.CEA009869A663FCB66A35398C30CC1F6.d.67912C60F8E44F3CCE74E6CA8A061CE2.e.77"},{"element-6066-11e4-a52e-4f735466cecf":"f.CEA009869A663FCB66A35398C30CC1F6.d.67912C60F8E44F3CCE74E6CA8A061CE2.e.78"},{"element-6066-11e4-a52e-4f735466cecf":"f.CEA009869A663FCB66A35398C30CC1F6.d.67912C60F8E44F3CCE74E6CA8A061CE2.e.79"},{"element-6066-11e4-a52e-4f735466cecf":"f.CEA009869A663FCB66A35398C30CC1F6.d.67912C60F8E44F3CCE74E6CA8A061CE2.e.80"},{"element-6066-11e4-a52e-4f735466cecf":"f.CEA009869A663FCB66A35398C30CC1F6.d.67912C60F8E44F3CCE74E6CA8A061CE2.e.81"}]} | headers=HTTPHeaderDict({'Content-Length': '830', 'Content-Type': 'application/json; charset=utf-8', 'cache-control': 'no-cache'})
[16/08/2024 14:11] - Finished Request
[16/08/2024 14:11] - POST http://localhost:52184/session/ffdff7c4cb17219f30eb051c8751740c/elements {'using': 'xpath', 'value': '//span[@class="max changeUnitT"]'}
[16/08/2024 14:11] - http://localhost:52184 "POST /session/ffdff7c4cb17219f30eb051c8751740c/elements HTTP/1.1" 200 0
[16/08/2024 14:11] - Remote response: status=200 | data={"value":[{"element-6066-11e4-a52e-4f735466cecf":"f.CEA009869A663FCB66A35398C30CC1F6.d.67912C60F8E44F3CCE74E6CA8A061CE2.e.82"},{"element-6066-11e4-a52e-4f735466cecf":"f.CEA009869A663FCB66A35398C30CC1F6.d.67912C60F8E44F3CCE74E6CA8A061CE2.e.83"},{"element-6066-11e4-a52e-4f735466cecf":"f.CEA009869A663FCB66A35398C30CC1F6.d.67912C60F8E44F3CCE74E6CA8A061CE2.e.84"},{"element-6066-11e4-a52e-4f735466cecf":"f.CEA009869A663FCB66A35398C30CC1F6.d.67912C60F8E44F3CCE74E6CA8A061CE2.e.85"},{"element-6066-11e4-a52e-4f735466cecf":"f.CEA009869A663FCB66A35398C30CC1F6.d.67912C60F8E44F3CCE74E6CA8A061CE2.e.86"},{"element-6066-11e4-a52e-4f735466cecf":"f.CEA009869A663FCB66A35398C30CC1F6.d.67912C60F8E44F3CCE74E6CA8A061CE2.e.87"},{"element-6066-11e4-a52e-4f735466cecf":"f.CEA009869A663FCB66A35398C30CC1F6.d.67912C60F8E44F3CCE74E6CA8A061CE2.e.88"}]} | headers=HTTPHeaderDict({'Content-Length': '830', 'Content-Type': 'application/json; charset=utf-8', 'cache-control': 'no-cache'})
[16/08/2024 14:11] - Finished Request
[16/08/2024 14:11] - POST http://localhost:52184/session/ffdff7c4cb17219f30eb051c8751740c/elements {'using': 'xpath', 'value': '//span[@class="min changeUnitT"]'}
[16/08/2024 14:11] - http://localhost:52184 "POST /session/ffdff7c4cb17219f30eb051c8751740c/elements HTTP/1.1" 200 0
[16/08/2024 14:11] - Remote response: status=200 | data={"value":[{"element-6066-11e4-a52e-4f735466cecf":"f.CEA009869A663FCB66A35398C30CC1F6.d.67912C60F8E44F3CCE74E6CA8A061CE2.e.89"},{"element-6066-11e4-a52e-4f735466cecf":"f.CEA009869A663FCB66A35398C30CC1F6.d.67912C60F8E44F3CCE74E6CA8A061CE2.e.90"},{"element-6066-11e4-a52e-4f735466cecf":"f.CEA009869A663FCB66A35398C30CC1F6.d.67912C60F8E44F3CCE74E6CA8A061CE2.e.91"},{"element-6066-11e4-a52e-4f735466cecf":"f.CEA009869A663FCB66A35398C30CC1F6.d.67912C60F8E44F3CCE74E6CA8A061CE2.e.92"},{"element-6066-11e4-a52e-4f735466cecf":"f.CEA009869A663FCB66A35398C30CC1F6.d.67912C60F8E44F3CCE74E6CA8A061CE2.e.93"},{"element-6066-11e4-a52e-4f735466cecf":"f.CEA009869A663FCB66A35398C30CC1F6.d.67912C60F8E44F3CCE74E6CA8A061CE2.e.94"},{"element-6066-11e4-a52e-4f735466cecf":"f.CEA009869A663FCB66A35398C30CC1F6.d.67912C60F8E44F3CCE74E6CA8A061CE2.e.95"}]} | headers=HTTPHeaderDict({'Content-Length': '830', 'Content-Type': 'application/json; charset=utf-8', 'cache-control': 'no-cache'})
[16/08/2024 14:11] - Finished Request
[16/08/2024 14:11] - GET http://localhost:52184/session/ffdff7c4cb17219f30eb051c8751740c/element/f.CEA009869A663FCB66A35398C30CC1F6.d.67912C60F8E44F3CCE74E6CA8A061CE2.e.77/text {}
[16/08/2024 14:11] - http://localhost:52184 "GET /session/ffdff7c4cb17219f30eb051c8751740c/element/f.CEA009869A663FCB66A35398C30CC1F6.d.67912C60F8E44F3CCE74E6CA8A061CE2.e.77/text HTTP/1.1" 200 0
[16/08/2024 14:11] - Remote response: status=200 | data={"value":"18 Ago."} | headers=HTTPHeaderDict({'Content-Length': '19', 'Content-Type': 'application/json; charset=utf-8', 'cache-control': 'no-cache'})
[16/08/2024 14:11] - Finished Request
[16/08/2024 14:11] - GET http://localhost:52184/session/ffdff7c4cb17219f30eb051c8751740c/element/f.CEA009869A663FCB66A35398C30CC1F6.d.67912C60F8E44F3CCE74E6CA8A061CE2.e.84/text {}
[16/08/2024 14:11] - http://localhost:52184 "GET /session/ffdff7c4cb17219f30eb051c8751740c/element/f.CEA009869A663FCB66A35398C30CC1F6.d.67912C60F8E44F3CCE74E6CA8A061CE2.e.84/text HTTP/1.1" 200 0
[16/08/2024 14:11] - Remote response: status=200 | data={"value":"30°"} | headers=HTTPHeaderDict({'Content-Length': '16', 'Content-Type': 'application/json; charset=utf-8', 'cache-control': 'no-cache'})
[16/08/2024 14:11] - Finished Request
[16/08/2024 14:11] - GET http://localhost:52184/session/ffdff7c4cb17219f30eb051c8751740c/element/f.CEA009869A663FCB66A35398C30CC1F6.d.67912C60F8E44F3CCE74E6CA8A061CE2.e.91/text {}
[16/08/2024 14:11] - http://localhost:52184 "GET /session/ffdff7c4cb17219f30eb051c8751740c/element/f.CEA009869A663FCB66A35398C30CC1F6.d.67912C60F8E44F3CCE74E6CA8A061CE2.e.91/text HTTP/1.1" 200 0
[16/08/2024 14:11] - Remote response: status=200 | data={"value":"13°"} | headers=HTTPHeaderDict({'Content-Length': '16', 'Content-Type': 'application/json; charset=utf-8', 'cache-control': 'no-cache'})
[16/08/2024 14:11] - Finished Request
[16/08/2024 14:11] -   🌡️ Previsão para o Próximo dia: 18 Ago., Maxíma de: 30°Graus, Miníma de: 13°Graus


[16/08/2024 14:11] -  Iremos Subdvidir as informações acima
[16/08/2024 14:11] - GET http://localhost:52184/session/ffdff7c4cb17219f30eb051c8751740c/element/f.CEA009869A663FCB66A35398C30CC1F6.d.67912C60F8E44F3CCE74E6CA8A061CE2.e.77/text {}
[16/08/2024 14:11] - http://localhost:52184 "GET /session/ffdff7c4cb17219f30eb051c8751740c/element/f.CEA009869A663FCB66A35398C30CC1F6.d.67912C60F8E44F3CCE74E6CA8A061CE2.e.77/text HTTP/1.1" 200 0
[16/08/2024 14:11] - Remote response: status=200 | data={"value":"18 Ago."} | headers=HTTPHeaderDict({'Content-Length': '19', 'Content-Type': 'application/json; charset=utf-8', 'cache-control': 'no-cache'})
[16/08/2024 14:11] - Finished Request
[16/08/2024 14:11] - GET http://localhost:52184/session/ffdff7c4cb17219f30eb051c8751740c/element/f.CEA009869A663FCB66A35398C30CC1F6.d.67912C60F8E44F3CCE74E6CA8A061CE2.e.84/text {}
[16/08/2024 14:11] - http://localhost:52184 "GET /session/ffdff7c4cb17219f30eb051c8751740c/element/f.CEA009869A663FCB66A35398C30CC1F6.d.67912C60F8E44F3CCE74E6CA8A061CE2.e.84/text HTTP/1.1" 200 0
[16/08/2024 14:11] - Remote response: status=200 | data={"value":"30°"} | headers=HTTPHeaderDict({'Content-Length': '16', 'Content-Type': 'application/json; charset=utf-8', 'cache-control': 'no-cache'})
[16/08/2024 14:11] - Finished Request
[16/08/2024 14:11] - GET http://localhost:52184/session/ffdff7c4cb17219f30eb051c8751740c/element/f.CEA009869A663FCB66A35398C30CC1F6.d.67912C60F8E44F3CCE74E6CA8A061CE2.e.91/text {}
[16/08/2024 14:11] - http://localhost:52184 "GET /session/ffdff7c4cb17219f30eb051c8751740c/element/f.CEA009869A663FCB66A35398C30CC1F6.d.67912C60F8E44F3CCE74E6CA8A061CE2.e.91/text HTTP/1.1" 200 0
[16/08/2024 14:11] - Remote response: status=200 | data={"value":"13°"} | headers=HTTPHeaderDict({'Content-Length': '16', 'Content-Type': 'application/json; charset=utf-8', 'cache-control': 'no-cache'})
[16/08/2024 14:11] - Finished Request
[16/08/2024 14:11] - POST http://localhost:52184/session/ffdff7c4cb17219f30eb051c8751740c/elements {'using': 'xpath', 'value': '//span[@class="subtitle-m"]'}
[16/08/2024 14:11] - http://localhost:52184 "POST /session/ffdff7c4cb17219f30eb051c8751740c/elements HTTP/1.1" 200 0
[16/08/2024 14:11] - Remote response: status=200 | data={"value":[{"element-6066-11e4-a52e-4f735466cecf":"f.CEA009869A663FCB66A35398C30CC1F6.d.67912C60F8E44F3CCE74E6CA8A061CE2.e.75"},{"element-6066-11e4-a52e-4f735466cecf":"f.CEA009869A663FCB66A35398C30CC1F6.d.67912C60F8E44F3CCE74E6CA8A061CE2.e.76"},{"element-6066-11e4-a52e-4f735466cecf":"f.CEA009869A663FCB66A35398C30CC1F6.d.67912C60F8E44F3CCE74E6CA8A061CE2.e.77"},{"element-6066-11e4-a52e-4f735466cecf":"f.CEA009869A663FCB66A35398C30CC1F6.d.67912C60F8E44F3CCE74E6CA8A061CE2.e.78"},{"element-6066-11e4-a52e-4f735466cecf":"f.CEA009869A663FCB66A35398C30CC1F6.d.67912C60F8E44F3CCE74E6CA8A061CE2.e.79"},{"element-6066-11e4-a52e-4f735466cecf":"f.CEA009869A663FCB66A35398C30CC1F6.d.67912C60F8E44F3CCE74E6CA8A061CE2.e.80"},{"element-6066-11e4-a52e-4f735466cecf":"f.CEA009869A663FCB66A35398C30CC1F6.d.67912C60F8E44F3CCE74E6CA8A061CE2.e.81"}]} | headers=HTTPHeaderDict({'Content-Length': '830', 'Content-Type': 'application/json; charset=utf-8', 'cache-control': 'no-cache'})
[16/08/2024 14:11] - Finished Request
[16/08/2024 14:11] - POST http://localhost:52184/session/ffdff7c4cb17219f30eb051c8751740c/elements {'using': 'xpath', 'value': '//span[@class="max changeUnitT"]'}
[16/08/2024 14:11] - http://localhost:52184 "POST /session/ffdff7c4cb17219f30eb051c8751740c/elements HTTP/1.1" 200 0
[16/08/2024 14:11] - Remote response: status=200 | data={"value":[{"element-6066-11e4-a52e-4f735466cecf":"f.CEA009869A663FCB66A35398C30CC1F6.d.67912C60F8E44F3CCE74E6CA8A061CE2.e.82"},{"element-6066-11e4-a52e-4f735466cecf":"f.CEA009869A663FCB66A35398C30CC1F6.d.67912C60F8E44F3CCE74E6CA8A061CE2.e.83"},{"element-6066-11e4-a52e-4f735466cecf":"f.CEA009869A663FCB66A35398C30CC1F6.d.67912C60F8E44F3CCE74E6CA8A061CE2.e.84"},{"element-6066-11e4-a52e-4f735466cecf":"f.CEA009869A663FCB66A35398C30CC1F6.d.67912C60F8E44F3CCE74E6CA8A061CE2.e.85"},{"element-6066-11e4-a52e-4f735466cecf":"f.CEA009869A663FCB66A35398C30CC1F6.d.67912C60F8E44F3CCE74E6CA8A061CE2.e.86"},{"element-6066-11e4-a52e-4f735466cecf":"f.CEA009869A663FCB66A35398C30CC1F6.d.67912C60F8E44F3CCE74E6CA8A061CE2.e.87"},{"element-6066-11e4-a52e-4f735466cecf":"f.CEA009869A663FCB66A35398C30CC1F6.d.67912C60F8E44F3CCE74E6CA8A061CE2.e.88"}]} | headers=HTTPHeaderDict({'Content-Length': '830', 'Content-Type': 'application/json; charset=utf-8', 'cache-control': 'no-cache'})
[16/08/2024 14:11] - Finished Request
[16/08/2024 14:11] - POST http://localhost:52184/session/ffdff7c4cb17219f30eb051c8751740c/elements {'using': 'xpath', 'value': '//span[@class="min changeUnitT"]'}
[16/08/2024 14:11] - http://localhost:52184 "POST /session/ffdff7c4cb17219f30eb051c8751740c/elements HTTP/1.1" 200 0
[16/08/2024 14:11] - Remote response: status=200 | data={"value":[{"element-6066-11e4-a52e-4f735466cecf":"f.CEA009869A663FCB66A35398C30CC1F6.d.67912C60F8E44F3CCE74E6CA8A061CE2.e.89"},{"element-6066-11e4-a52e-4f735466cecf":"f.CEA009869A663FCB66A35398C30CC1F6.d.67912C60F8E44F3CCE74E6CA8A061CE2.e.90"},{"element-6066-11e4-a52e-4f735466cecf":"f.CEA009869A663FCB66A35398C30CC1F6.d.67912C60F8E44F3CCE74E6CA8A061CE2.e.91"},{"element-6066-11e4-a52e-4f735466cecf":"f.CEA009869A663FCB66A35398C30CC1F6.d.67912C60F8E44F3CCE74E6CA8A061CE2.e.92"},{"element-6066-11e4-a52e-4f735466cecf":"f.CEA009869A663FCB66A35398C30CC1F6.d.67912C60F8E44F3CCE74E6CA8A061CE2.e.93"},{"element-6066-11e4-a52e-4f735466cecf":"f.CEA009869A663FCB66A35398C30CC1F6.d.67912C60F8E44F3CCE74E6CA8A061CE2.e.94"},{"element-6066-11e4-a52e-4f735466cecf":"f.CEA009869A663FCB66A35398C30CC1F6.d.67912C60F8E44F3CCE74E6CA8A061CE2.e.95"}]} | headers=HTTPHeaderDict({'Content-Length': '830', 'Content-Type': 'application/json; charset=utf-8', 'cache-control': 'no-cache'})
[16/08/2024 14:11] - Finished Request
[16/08/2024 14:11] - GET http://localhost:52184/session/ffdff7c4cb17219f30eb051c8751740c/element/f.CEA009869A663FCB66A35398C30CC1F6.d.67912C60F8E44F3CCE74E6CA8A061CE2.e.78/text {}
[16/08/2024 14:11] - http://localhost:52184 "GET /session/ffdff7c4cb17219f30eb051c8751740c/element/f.CEA009869A663FCB66A35398C30CC1F6.d.67912C60F8E44F3CCE74E6CA8A061CE2.e.78/text HTTP/1.1" 200 0
[16/08/2024 14:11] - Remote response: status=200 | data={"value":"19 Ago."} | headers=HTTPHeaderDict({'Content-Length': '19', 'Content-Type': 'application/json; charset=utf-8', 'cache-control': 'no-cache'})
[16/08/2024 14:11] - Finished Request
[16/08/2024 14:11] - GET http://localhost:52184/session/ffdff7c4cb17219f30eb051c8751740c/element/f.CEA009869A663FCB66A35398C30CC1F6.d.67912C60F8E44F3CCE74E6CA8A061CE2.e.85/text {}
[16/08/2024 14:11] - http://localhost:52184 "GET /session/ffdff7c4cb17219f30eb051c8751740c/element/f.CEA009869A663FCB66A35398C30CC1F6.d.67912C60F8E44F3CCE74E6CA8A061CE2.e.85/text HTTP/1.1" 200 0
[16/08/2024 14:11] - Remote response: status=200 | data={"value":"30°"} | headers=HTTPHeaderDict({'Content-Length': '16', 'Content-Type': 'application/json; charset=utf-8', 'cache-control': 'no-cache'})
[16/08/2024 14:11] - Finished Request
[16/08/2024 14:11] - GET http://localhost:52184/session/ffdff7c4cb17219f30eb051c8751740c/element/f.CEA009869A663FCB66A35398C30CC1F6.d.67912C60F8E44F3CCE74E6CA8A061CE2.e.92/text {}
[16/08/2024 14:11] - http://localhost:52184 "GET /session/ffdff7c4cb17219f30eb051c8751740c/element/f.CEA009869A663FCB66A35398C30CC1F6.d.67912C60F8E44F3CCE74E6CA8A061CE2.e.92/text HTTP/1.1" 200 0
[16/08/2024 14:11] - Remote response: status=200 | data={"value":"12°"} | headers=HTTPHeaderDict({'Content-Length': '16', 'Content-Type': 'application/json; charset=utf-8', 'cache-control': 'no-cache'})
[16/08/2024 14:11] - Finished Request
[16/08/2024 14:11] -   🌡️ Previsão para o Próximo dia: 19 Ago., Maxíma de: 30°Graus, Miníma de: 12°Graus


[16/08/2024 14:11] -  Iremos Subdvidir as informações acima
[16/08/2024 14:11] - GET http://localhost:52184/session/ffdff7c4cb17219f30eb051c8751740c/element/f.CEA009869A663FCB66A35398C30CC1F6.d.67912C60F8E44F3CCE74E6CA8A061CE2.e.78/text {}
[16/08/2024 14:11] - http://localhost:52184 "GET /session/ffdff7c4cb17219f30eb051c8751740c/element/f.CEA009869A663FCB66A35398C30CC1F6.d.67912C60F8E44F3CCE74E6CA8A061CE2.e.78/text HTTP/1.1" 200 0
[16/08/2024 14:11] - Remote response: status=200 | data={"value":"19 Ago."} | headers=HTTPHeaderDict({'Content-Length': '19', 'Content-Type': 'application/json; charset=utf-8', 'cache-control': 'no-cache'})
[16/08/2024 14:11] - Finished Request
[16/08/2024 14:11] - GET http://localhost:52184/session/ffdff7c4cb17219f30eb051c8751740c/element/f.CEA009869A663FCB66A35398C30CC1F6.d.67912C60F8E44F3CCE74E6CA8A061CE2.e.85/text {}
[16/08/2024 14:11] - http://localhost:52184 "GET /session/ffdff7c4cb17219f30eb051c8751740c/element/f.CEA009869A663FCB66A35398C30CC1F6.d.67912C60F8E44F3CCE74E6CA8A061CE2.e.85/text HTTP/1.1" 200 0
[16/08/2024 14:11] - Remote response: status=200 | data={"value":"30°"} | headers=HTTPHeaderDict({'Content-Length': '16', 'Content-Type': 'application/json; charset=utf-8', 'cache-control': 'no-cache'})
[16/08/2024 14:11] - Finished Request
[16/08/2024 14:11] - GET http://localhost:52184/session/ffdff7c4cb17219f30eb051c8751740c/element/f.CEA009869A663FCB66A35398C30CC1F6.d.67912C60F8E44F3CCE74E6CA8A061CE2.e.92/text {}
[16/08/2024 14:11] - http://localhost:52184 "GET /session/ffdff7c4cb17219f30eb051c8751740c/element/f.CEA009869A663FCB66A35398C30CC1F6.d.67912C60F8E44F3CCE74E6CA8A061CE2.e.92/text HTTP/1.1" 200 0
[16/08/2024 14:11] - Remote response: status=200 | data={"value":"12°"} | headers=HTTPHeaderDict({'Content-Length': '16', 'Content-Type': 'application/json; charset=utf-8', 'cache-control': 'no-cache'})
[16/08/2024 14:11] - Finished Request
[16/08/2024 14:11] - POST http://localhost:52184/session/ffdff7c4cb17219f30eb051c8751740c/elements {'using': 'xpath', 'value': '//span[@class="subtitle-m"]'}
[16/08/2024 14:11] - http://localhost:52184 "POST /session/ffdff7c4cb17219f30eb051c8751740c/elements HTTP/1.1" 200 0
[16/08/2024 14:11] - Remote response: status=200 | data={"value":[{"element-6066-11e4-a52e-4f735466cecf":"f.CEA009869A663FCB66A35398C30CC1F6.d.67912C60F8E44F3CCE74E6CA8A061CE2.e.75"},{"element-6066-11e4-a52e-4f735466cecf":"f.CEA009869A663FCB66A35398C30CC1F6.d.67912C60F8E44F3CCE74E6CA8A061CE2.e.76"},{"element-6066-11e4-a52e-4f735466cecf":"f.CEA009869A663FCB66A35398C30CC1F6.d.67912C60F8E44F3CCE74E6CA8A061CE2.e.77"},{"element-6066-11e4-a52e-4f735466cecf":"f.CEA009869A663FCB66A35398C30CC1F6.d.67912C60F8E44F3CCE74E6CA8A061CE2.e.78"},{"element-6066-11e4-a52e-4f735466cecf":"f.CEA009869A663FCB66A35398C30CC1F6.d.67912C60F8E44F3CCE74E6CA8A061CE2.e.79"},{"element-6066-11e4-a52e-4f735466cecf":"f.CEA009869A663FCB66A35398C30CC1F6.d.67912C60F8E44F3CCE74E6CA8A061CE2.e.80"},{"element-6066-11e4-a52e-4f735466cecf":"f.CEA009869A663FCB66A35398C30CC1F6.d.67912C60F8E44F3CCE74E6CA8A061CE2.e.81"}]} | headers=HTTPHeaderDict({'Content-Length': '830', 'Content-Type': 'application/json; charset=utf-8', 'cache-control': 'no-cache'})
[16/08/2024 14:11] - Finished Request
[16/08/2024 14:11] - POST http://localhost:52184/session/ffdff7c4cb17219f30eb051c8751740c/elements {'using': 'xpath', 'value': '//span[@class="max changeUnitT"]'}
[16/08/2024 14:11] - http://localhost:52184 "POST /session/ffdff7c4cb17219f30eb051c8751740c/elements HTTP/1.1" 200 0
[16/08/2024 14:11] - Remote response: status=200 | data={"value":[{"element-6066-11e4-a52e-4f735466cecf":"f.CEA009869A663FCB66A35398C30CC1F6.d.67912C60F8E44F3CCE74E6CA8A061CE2.e.82"},{"element-6066-11e4-a52e-4f735466cecf":"f.CEA009869A663FCB66A35398C30CC1F6.d.67912C60F8E44F3CCE74E6CA8A061CE2.e.83"},{"element-6066-11e4-a52e-4f735466cecf":"f.CEA009869A663FCB66A35398C30CC1F6.d.67912C60F8E44F3CCE74E6CA8A061CE2.e.84"},{"element-6066-11e4-a52e-4f735466cecf":"f.CEA009869A663FCB66A35398C30CC1F6.d.67912C60F8E44F3CCE74E6CA8A061CE2.e.85"},{"element-6066-11e4-a52e-4f735466cecf":"f.CEA009869A663FCB66A35398C30CC1F6.d.67912C60F8E44F3CCE74E6CA8A061CE2.e.86"},{"element-6066-11e4-a52e-4f735466cecf":"f.CEA009869A663FCB66A35398C30CC1F6.d.67912C60F8E44F3CCE74E6CA8A061CE2.e.87"},{"element-6066-11e4-a52e-4f735466cecf":"f.CEA009869A663FCB66A35398C30CC1F6.d.67912C60F8E44F3CCE74E6CA8A061CE2.e.88"}]} | headers=HTTPHeaderDict({'Content-Length': '830', 'Content-Type': 'application/json; charset=utf-8', 'cache-control': 'no-cache'})
[16/08/2024 14:11] - Finished Request
[16/08/2024 14:11] - POST http://localhost:52184/session/ffdff7c4cb17219f30eb051c8751740c/elements {'using': 'xpath', 'value': '//span[@class="min changeUnitT"]'}
[16/08/2024 14:11] - http://localhost:52184 "POST /session/ffdff7c4cb17219f30eb051c8751740c/elements HTTP/1.1" 200 0
[16/08/2024 14:11] - Remote response: status=200 | data={"value":[{"element-6066-11e4-a52e-4f735466cecf":"f.CEA009869A663FCB66A35398C30CC1F6.d.67912C60F8E44F3CCE74E6CA8A061CE2.e.89"},{"element-6066-11e4-a52e-4f735466cecf":"f.CEA009869A663FCB66A35398C30CC1F6.d.67912C60F8E44F3CCE74E6CA8A061CE2.e.90"},{"element-6066-11e4-a52e-4f735466cecf":"f.CEA009869A663FCB66A35398C30CC1F6.d.67912C60F8E44F3CCE74E6CA8A061CE2.e.91"},{"element-6066-11e4-a52e-4f735466cecf":"f.CEA009869A663FCB66A35398C30CC1F6.d.67912C60F8E44F3CCE74E6CA8A061CE2.e.92"},{"element-6066-11e4-a52e-4f735466cecf":"f.CEA009869A663FCB66A35398C30CC1F6.d.67912C60F8E44F3CCE74E6CA8A061CE2.e.93"},{"element-6066-11e4-a52e-4f735466cecf":"f.CEA009869A663FCB66A35398C30CC1F6.d.67912C60F8E44F3CCE74E6CA8A061CE2.e.94"},{"element-6066-11e4-a52e-4f735466cecf":"f.CEA009869A663FCB66A35398C30CC1F6.d.67912C60F8E44F3CCE74E6CA8A061CE2.e.95"}]} | headers=HTTPHeaderDict({'Content-Length': '830', 'Content-Type': 'application/json; charset=utf-8', 'cache-control': 'no-cache'})
[16/08/2024 14:11] - Finished Request
[16/08/2024 14:11] - GET http://localhost:52184/session/ffdff7c4cb17219f30eb051c8751740c/element/f.CEA009869A663FCB66A35398C30CC1F6.d.67912C60F8E44F3CCE74E6CA8A061CE2.e.79/text {}
[16/08/2024 14:11] - http://localhost:52184 "GET /session/ffdff7c4cb17219f30eb051c8751740c/element/f.CEA009869A663FCB66A35398C30CC1F6.d.67912C60F8E44F3CCE74E6CA8A061CE2.e.79/text HTTP/1.1" 200 0
[16/08/2024 14:11] - Remote response: status=200 | data={"value":"20 Ago."} | headers=HTTPHeaderDict({'Content-Length': '19', 'Content-Type': 'application/json; charset=utf-8', 'cache-control': 'no-cache'})
[16/08/2024 14:11] - Finished Request
[16/08/2024 14:11] - GET http://localhost:52184/session/ffdff7c4cb17219f30eb051c8751740c/element/f.CEA009869A663FCB66A35398C30CC1F6.d.67912C60F8E44F3CCE74E6CA8A061CE2.e.86/text {}
[16/08/2024 14:11] - http://localhost:52184 "GET /session/ffdff7c4cb17219f30eb051c8751740c/element/f.CEA009869A663FCB66A35398C30CC1F6.d.67912C60F8E44F3CCE74E6CA8A061CE2.e.86/text HTTP/1.1" 200 0
[16/08/2024 14:11] - Remote response: status=200 | data={"value":"31°"} | headers=HTTPHeaderDict({'Content-Length': '16', 'Content-Type': 'application/json; charset=utf-8', 'cache-control': 'no-cache'})
[16/08/2024 14:11] - Finished Request
[16/08/2024 14:11] - GET http://localhost:52184/session/ffdff7c4cb17219f30eb051c8751740c/element/f.CEA009869A663FCB66A35398C30CC1F6.d.67912C60F8E44F3CCE74E6CA8A061CE2.e.93/text {}
[16/08/2024 14:11] - http://localhost:52184 "GET /session/ffdff7c4cb17219f30eb051c8751740c/element/f.CEA009869A663FCB66A35398C30CC1F6.d.67912C60F8E44F3CCE74E6CA8A061CE2.e.93/text HTTP/1.1" 200 0
[16/08/2024 14:11] - Remote response: status=200 | data={"value":"13°"} | headers=HTTPHeaderDict({'Content-Length': '16', 'Content-Type': 'application/json; charset=utf-8', 'cache-control': 'no-cache'})
[16/08/2024 14:11] - Finished Request
[16/08/2024 14:11] -   🌡️ Previsão para o Próximo dia: 20 Ago., Maxíma de: 31°Graus, Miníma de: 13°Graus


[16/08/2024 14:11] -  Iremos Subdvidir as informações acima
[16/08/2024 14:11] - GET http://localhost:52184/session/ffdff7c4cb17219f30eb051c8751740c/element/f.CEA009869A663FCB66A35398C30CC1F6.d.67912C60F8E44F3CCE74E6CA8A061CE2.e.79/text {}
[16/08/2024 14:11] - http://localhost:52184 "GET /session/ffdff7c4cb17219f30eb051c8751740c/element/f.CEA009869A663FCB66A35398C30CC1F6.d.67912C60F8E44F3CCE74E6CA8A061CE2.e.79/text HTTP/1.1" 200 0
[16/08/2024 14:11] - Remote response: status=200 | data={"value":"20 Ago."} | headers=HTTPHeaderDict({'Content-Length': '19', 'Content-Type': 'application/json; charset=utf-8', 'cache-control': 'no-cache'})
[16/08/2024 14:11] - Finished Request
[16/08/2024 14:11] - GET http://localhost:52184/session/ffdff7c4cb17219f30eb051c8751740c/element/f.CEA009869A663FCB66A35398C30CC1F6.d.67912C60F8E44F3CCE74E6CA8A061CE2.e.86/text {}
[16/08/2024 14:11] - http://localhost:52184 "GET /session/ffdff7c4cb17219f30eb051c8751740c/element/f.CEA009869A663FCB66A35398C30CC1F6.d.67912C60F8E44F3CCE74E6CA8A061CE2.e.86/text HTTP/1.1" 200 0
[16/08/2024 14:11] - Remote response: status=200 | data={"value":"31°"} | headers=HTTPHeaderDict({'Content-Length': '16', 'Content-Type': 'application/json; charset=utf-8', 'cache-control': 'no-cache'})
[16/08/2024 14:11] - Finished Request
[16/08/2024 14:11] - GET http://localhost:52184/session/ffdff7c4cb17219f30eb051c8751740c/element/f.CEA009869A663FCB66A35398C30CC1F6.d.67912C60F8E44F3CCE74E6CA8A061CE2.e.93/text {}
[16/08/2024 14:11] - http://localhost:52184 "GET /session/ffdff7c4cb17219f30eb051c8751740c/element/f.CEA009869A663FCB66A35398C30CC1F6.d.67912C60F8E44F3CCE74E6CA8A061CE2.e.93/text HTTP/1.1" 200 0
[16/08/2024 14:11] - Remote response: status=200 | data={"value":"13°"} | headers=HTTPHeaderDict({'Content-Length': '16', 'Content-Type': 'application/json; charset=utf-8', 'cache-control': 'no-cache'})
[16/08/2024 14:11] - Finished Request
[16/08/2024 14:11] - POST http://localhost:52184/session/ffdff7c4cb17219f30eb051c8751740c/elements {'using': 'xpath', 'value': '//span[@class="subtitle-m"]'}
[16/08/2024 14:11] - http://localhost:52184 "POST /session/ffdff7c4cb17219f30eb051c8751740c/elements HTTP/1.1" 200 0
[16/08/2024 14:11] - Remote response: status=200 | data={"value":[{"element-6066-11e4-a52e-4f735466cecf":"f.CEA009869A663FCB66A35398C30CC1F6.d.67912C60F8E44F3CCE74E6CA8A061CE2.e.75"},{"element-6066-11e4-a52e-4f735466cecf":"f.CEA009869A663FCB66A35398C30CC1F6.d.67912C60F8E44F3CCE74E6CA8A061CE2.e.76"},{"element-6066-11e4-a52e-4f735466cecf":"f.CEA009869A663FCB66A35398C30CC1F6.d.67912C60F8E44F3CCE74E6CA8A061CE2.e.77"},{"element-6066-11e4-a52e-4f735466cecf":"f.CEA009869A663FCB66A35398C30CC1F6.d.67912C60F8E44F3CCE74E6CA8A061CE2.e.78"},{"element-6066-11e4-a52e-4f735466cecf":"f.CEA009869A663FCB66A35398C30CC1F6.d.67912C60F8E44F3CCE74E6CA8A061CE2.e.79"},{"element-6066-11e4-a52e-4f735466cecf":"f.CEA009869A663FCB66A35398C30CC1F6.d.67912C60F8E44F3CCE74E6CA8A061CE2.e.80"},{"element-6066-11e4-a52e-4f735466cecf":"f.CEA009869A663FCB66A35398C30CC1F6.d.67912C60F8E44F3CCE74E6CA8A061CE2.e.81"}]} | headers=HTTPHeaderDict({'Content-Length': '830', 'Content-Type': 'application/json; charset=utf-8', 'cache-control': 'no-cache'})
[16/08/2024 14:11] - Finished Request
[16/08/2024 14:11] - POST http://localhost:52184/session/ffdff7c4cb17219f30eb051c8751740c/elements {'using': 'xpath', 'value': '//span[@class="max changeUnitT"]'}
[16/08/2024 14:11] - http://localhost:52184 "POST /session/ffdff7c4cb17219f30eb051c8751740c/elements HTTP/1.1" 200 0
[16/08/2024 14:11] - Remote response: status=200 | data={"value":[{"element-6066-11e4-a52e-4f735466cecf":"f.CEA009869A663FCB66A35398C30CC1F6.d.67912C60F8E44F3CCE74E6CA8A061CE2.e.82"},{"element-6066-11e4-a52e-4f735466cecf":"f.CEA009869A663FCB66A35398C30CC1F6.d.67912C60F8E44F3CCE74E6CA8A061CE2.e.83"},{"element-6066-11e4-a52e-4f735466cecf":"f.CEA009869A663FCB66A35398C30CC1F6.d.67912C60F8E44F3CCE74E6CA8A061CE2.e.84"},{"element-6066-11e4-a52e-4f735466cecf":"f.CEA009869A663FCB66A35398C30CC1F6.d.67912C60F8E44F3CCE74E6CA8A061CE2.e.85"},{"element-6066-11e4-a52e-4f735466cecf":"f.CEA009869A663FCB66A35398C30CC1F6.d.67912C60F8E44F3CCE74E6CA8A061CE2.e.86"},{"element-6066-11e4-a52e-4f735466cecf":"f.CEA009869A663FCB66A35398C30CC1F6.d.67912C60F8E44F3CCE74E6CA8A061CE2.e.87"},{"element-6066-11e4-a52e-4f735466cecf":"f.CEA009869A663FCB66A35398C30CC1F6.d.67912C60F8E44F3CCE74E6CA8A061CE2.e.88"}]} | headers=HTTPHeaderDict({'Content-Length': '830', 'Content-Type': 'application/json; charset=utf-8', 'cache-control': 'no-cache'})
[16/08/2024 14:11] - Finished Request
[16/08/2024 14:11] - POST http://localhost:52184/session/ffdff7c4cb17219f30eb051c8751740c/elements {'using': 'xpath', 'value': '//span[@class="min changeUnitT"]'}
[16/08/2024 14:11] - http://localhost:52184 "POST /session/ffdff7c4cb17219f30eb051c8751740c/elements HTTP/1.1" 200 0
[16/08/2024 14:11] - Remote response: status=200 | data={"value":[{"element-6066-11e4-a52e-4f735466cecf":"f.CEA009869A663FCB66A35398C30CC1F6.d.67912C60F8E44F3CCE74E6CA8A061CE2.e.89"},{"element-6066-11e4-a52e-4f735466cecf":"f.CEA009869A663FCB66A35398C30CC1F6.d.67912C60F8E44F3CCE74E6CA8A061CE2.e.90"},{"element-6066-11e4-a52e-4f735466cecf":"f.CEA009869A663FCB66A35398C30CC1F6.d.67912C60F8E44F3CCE74E6CA8A061CE2.e.91"},{"element-6066-11e4-a52e-4f735466cecf":"f.CEA009869A663FCB66A35398C30CC1F6.d.67912C60F8E44F3CCE74E6CA8A061CE2.e.92"},{"element-6066-11e4-a52e-4f735466cecf":"f.CEA009869A663FCB66A35398C30CC1F6.d.67912C60F8E44F3CCE74E6CA8A061CE2.e.93"},{"element-6066-11e4-a52e-4f735466cecf":"f.CEA009869A663FCB66A35398C30CC1F6.d.67912C60F8E44F3CCE74E6CA8A061CE2.e.94"},{"element-6066-11e4-a52e-4f735466cecf":"f.CEA009869A663FCB66A35398C30CC1F6.d.67912C60F8E44F3CCE74E6CA8A061CE2.e.95"}]} | headers=HTTPHeaderDict({'Content-Length': '830', 'Content-Type': 'application/json; charset=utf-8', 'cache-control': 'no-cache'})
[16/08/2024 14:11] - Finished Request
[16/08/2024 14:11] - GET http://localhost:52184/session/ffdff7c4cb17219f30eb051c8751740c/element/f.CEA009869A663FCB66A35398C30CC1F6.d.67912C60F8E44F3CCE74E6CA8A061CE2.e.80/text {}
[16/08/2024 14:11] - http://localhost:52184 "GET /session/ffdff7c4cb17219f30eb051c8751740c/element/f.CEA009869A663FCB66A35398C30CC1F6.d.67912C60F8E44F3CCE74E6CA8A061CE2.e.80/text HTTP/1.1" 200 0
[16/08/2024 14:11] - Remote response: status=200 | data={"value":"21 Ago."} | headers=HTTPHeaderDict({'Content-Length': '19', 'Content-Type': 'application/json; charset=utf-8', 'cache-control': 'no-cache'})
[16/08/2024 14:11] - Finished Request
[16/08/2024 14:11] - GET http://localhost:52184/session/ffdff7c4cb17219f30eb051c8751740c/element/f.CEA009869A663FCB66A35398C30CC1F6.d.67912C60F8E44F3CCE74E6CA8A061CE2.e.87/text {}
[16/08/2024 14:11] - http://localhost:52184 "GET /session/ffdff7c4cb17219f30eb051c8751740c/element/f.CEA009869A663FCB66A35398C30CC1F6.d.67912C60F8E44F3CCE74E6CA8A061CE2.e.87/text HTTP/1.1" 200 0
[16/08/2024 14:11] - Remote response: status=200 | data={"value":"31°"} | headers=HTTPHeaderDict({'Content-Length': '16', 'Content-Type': 'application/json; charset=utf-8', 'cache-control': 'no-cache'})
[16/08/2024 14:11] - Finished Request
[16/08/2024 14:11] - GET http://localhost:52184/session/ffdff7c4cb17219f30eb051c8751740c/element/f.CEA009869A663FCB66A35398C30CC1F6.d.67912C60F8E44F3CCE74E6CA8A061CE2.e.94/text {}
[16/08/2024 14:11] - http://localhost:52184 "GET /session/ffdff7c4cb17219f30eb051c8751740c/element/f.CEA009869A663FCB66A35398C30CC1F6.d.67912C60F8E44F3CCE74E6CA8A061CE2.e.94/text HTTP/1.1" 200 0
[16/08/2024 14:11] - Remote response: status=200 | data={"value":"13°"} | headers=HTTPHeaderDict({'Content-Length': '16', 'Content-Type': 'application/json; charset=utf-8', 'cache-control': 'no-cache'})
[16/08/2024 14:11] - Finished Request
[16/08/2024 14:11] -   🌡️ Previsão para o Próximo dia: 21 Ago., Maxíma de: 31°Graus, Miníma de: 13°Graus


[16/08/2024 14:11] -  Iremos Subdvidir as informações acima
[16/08/2024 14:11] - GET http://localhost:52184/session/ffdff7c4cb17219f30eb051c8751740c/element/f.CEA009869A663FCB66A35398C30CC1F6.d.67912C60F8E44F3CCE74E6CA8A061CE2.e.80/text {}
[16/08/2024 14:11] - http://localhost:52184 "GET /session/ffdff7c4cb17219f30eb051c8751740c/element/f.CEA009869A663FCB66A35398C30CC1F6.d.67912C60F8E44F3CCE74E6CA8A061CE2.e.80/text HTTP/1.1" 200 0
[16/08/2024 14:11] - Remote response: status=200 | data={"value":"21 Ago."} | headers=HTTPHeaderDict({'Content-Length': '19', 'Content-Type': 'application/json; charset=utf-8', 'cache-control': 'no-cache'})
[16/08/2024 14:11] - Finished Request
[16/08/2024 14:11] - GET http://localhost:52184/session/ffdff7c4cb17219f30eb051c8751740c/element/f.CEA009869A663FCB66A35398C30CC1F6.d.67912C60F8E44F3CCE74E6CA8A061CE2.e.87/text {}
[16/08/2024 14:11] - http://localhost:52184 "GET /session/ffdff7c4cb17219f30eb051c8751740c/element/f.CEA009869A663FCB66A35398C30CC1F6.d.67912C60F8E44F3CCE74E6CA8A061CE2.e.87/text HTTP/1.1" 200 0
[16/08/2024 14:11] - Remote response: status=200 | data={"value":"31°"} | headers=HTTPHeaderDict({'Content-Length': '16', 'Content-Type': 'application/json; charset=utf-8', 'cache-control': 'no-cache'})
[16/08/2024 14:11] - Finished Request
[16/08/2024 14:11] - GET http://localhost:52184/session/ffdff7c4cb17219f30eb051c8751740c/element/f.CEA009869A663FCB66A35398C30CC1F6.d.67912C60F8E44F3CCE74E6CA8A061CE2.e.94/text {}
[16/08/2024 14:11] - http://localhost:52184 "GET /session/ffdff7c4cb17219f30eb051c8751740c/element/f.CEA009869A663FCB66A35398C30CC1F6.d.67912C60F8E44F3CCE74E6CA8A061CE2.e.94/text HTTP/1.1" 200 0
[16/08/2024 14:11] - Remote response: status=200 | data={"value":"13°"} | headers=HTTPHeaderDict({'Content-Length': '16', 'Content-Type': 'application/json; charset=utf-8', 'cache-control': 'no-cache'})
[16/08/2024 14:11] - Finished Request
[16/08/2024 14:11] - POST http://localhost:52184/session/ffdff7c4cb17219f30eb051c8751740c/elements {'using': 'xpath', 'value': '//span[@class="subtitle-m"]'}
[16/08/2024 14:11] - http://localhost:52184 "POST /session/ffdff7c4cb17219f30eb051c8751740c/elements HTTP/1.1" 200 0
[16/08/2024 14:11] - Remote response: status=200 | data={"value":[{"element-6066-11e4-a52e-4f735466cecf":"f.CEA009869A663FCB66A35398C30CC1F6.d.67912C60F8E44F3CCE74E6CA8A061CE2.e.75"},{"element-6066-11e4-a52e-4f735466cecf":"f.CEA009869A663FCB66A35398C30CC1F6.d.67912C60F8E44F3CCE74E6CA8A061CE2.e.76"},{"element-6066-11e4-a52e-4f735466cecf":"f.CEA009869A663FCB66A35398C30CC1F6.d.67912C60F8E44F3CCE74E6CA8A061CE2.e.77"},{"element-6066-11e4-a52e-4f735466cecf":"f.CEA009869A663FCB66A35398C30CC1F6.d.67912C60F8E44F3CCE74E6CA8A061CE2.e.78"},{"element-6066-11e4-a52e-4f735466cecf":"f.CEA009869A663FCB66A35398C30CC1F6.d.67912C60F8E44F3CCE74E6CA8A061CE2.e.79"},{"element-6066-11e4-a52e-4f735466cecf":"f.CEA009869A663FCB66A35398C30CC1F6.d.67912C60F8E44F3CCE74E6CA8A061CE2.e.80"},{"element-6066-11e4-a52e-4f735466cecf":"f.CEA009869A663FCB66A35398C30CC1F6.d.67912C60F8E44F3CCE74E6CA8A061CE2.e.81"}]} | headers=HTTPHeaderDict({'Content-Length': '830', 'Content-Type': 'application/json; charset=utf-8', 'cache-control': 'no-cache'})
[16/08/2024 14:11] - Finished Request
[16/08/2024 14:11] - POST http://localhost:52184/session/ffdff7c4cb17219f30eb051c8751740c/elements {'using': 'xpath', 'value': '//span[@class="max changeUnitT"]'}
[16/08/2024 14:11] - http://localhost:52184 "POST /session/ffdff7c4cb17219f30eb051c8751740c/elements HTTP/1.1" 200 0
[16/08/2024 14:11] - Remote response: status=200 | data={"value":[{"element-6066-11e4-a52e-4f735466cecf":"f.CEA009869A663FCB66A35398C30CC1F6.d.67912C60F8E44F3CCE74E6CA8A061CE2.e.82"},{"element-6066-11e4-a52e-4f735466cecf":"f.CEA009869A663FCB66A35398C30CC1F6.d.67912C60F8E44F3CCE74E6CA8A061CE2.e.83"},{"element-6066-11e4-a52e-4f735466cecf":"f.CEA009869A663FCB66A35398C30CC1F6.d.67912C60F8E44F3CCE74E6CA8A061CE2.e.84"},{"element-6066-11e4-a52e-4f735466cecf":"f.CEA009869A663FCB66A35398C30CC1F6.d.67912C60F8E44F3CCE74E6CA8A061CE2.e.85"},{"element-6066-11e4-a52e-4f735466cecf":"f.CEA009869A663FCB66A35398C30CC1F6.d.67912C60F8E44F3CCE74E6CA8A061CE2.e.86"},{"element-6066-11e4-a52e-4f735466cecf":"f.CEA009869A663FCB66A35398C30CC1F6.d.67912C60F8E44F3CCE74E6CA8A061CE2.e.87"},{"element-6066-11e4-a52e-4f735466cecf":"f.CEA009869A663FCB66A35398C30CC1F6.d.67912C60F8E44F3CCE74E6CA8A061CE2.e.88"}]} | headers=HTTPHeaderDict({'Content-Length': '830', 'Content-Type': 'application/json; charset=utf-8', 'cache-control': 'no-cache'})
[16/08/2024 14:11] - Finished Request
[16/08/2024 14:11] - POST http://localhost:52184/session/ffdff7c4cb17219f30eb051c8751740c/elements {'using': 'xpath', 'value': '//span[@class="min changeUnitT"]'}
[16/08/2024 14:11] - http://localhost:52184 "POST /session/ffdff7c4cb17219f30eb051c8751740c/elements HTTP/1.1" 200 0
[16/08/2024 14:11] - Remote response: status=200 | data={"value":[{"element-6066-11e4-a52e-4f735466cecf":"f.CEA009869A663FCB66A35398C30CC1F6.d.67912C60F8E44F3CCE74E6CA8A061CE2.e.89"},{"element-6066-11e4-a52e-4f735466cecf":"f.CEA009869A663FCB66A35398C30CC1F6.d.67912C60F8E44F3CCE74E6CA8A061CE2.e.90"},{"element-6066-11e4-a52e-4f735466cecf":"f.CEA009869A663FCB66A35398C30CC1F6.d.67912C60F8E44F3CCE74E6CA8A061CE2.e.91"},{"element-6066-11e4-a52e-4f735466cecf":"f.CEA009869A663FCB66A35398C30CC1F6.d.67912C60F8E44F3CCE74E6CA8A061CE2.e.92"},{"element-6066-11e4-a52e-4f735466cecf":"f.CEA009869A663FCB66A35398C30CC1F6.d.67912C60F8E44F3CCE74E6CA8A061CE2.e.93"},{"element-6066-11e4-a52e-4f735466cecf":"f.CEA009869A663FCB66A35398C30CC1F6.d.67912C60F8E44F3CCE74E6CA8A061CE2.e.94"},{"element-6066-11e4-a52e-4f735466cecf":"f.CEA009869A663FCB66A35398C30CC1F6.d.67912C60F8E44F3CCE74E6CA8A061CE2.e.95"}]} | headers=HTTPHeaderDict({'Content-Length': '830', 'Content-Type': 'application/json; charset=utf-8', 'cache-control': 'no-cache'})
[16/08/2024 14:11] - Finished Request
[16/08/2024 14:11] - GET http://localhost:52184/session/ffdff7c4cb17219f30eb051c8751740c/element/f.CEA009869A663FCB66A35398C30CC1F6.d.67912C60F8E44F3CCE74E6CA8A061CE2.e.81/text {}
[16/08/2024 14:11] - http://localhost:52184 "GET /session/ffdff7c4cb17219f30eb051c8751740c/element/f.CEA009869A663FCB66A35398C30CC1F6.d.67912C60F8E44F3CCE74E6CA8A061CE2.e.81/text HTTP/1.1" 200 0
[16/08/2024 14:11] - Remote response: status=200 | data={"value":"22 Ago."} | headers=HTTPHeaderDict({'Content-Length': '19', 'Content-Type': 'application/json; charset=utf-8', 'cache-control': 'no-cache'})
[16/08/2024 14:11] - Finished Request
[16/08/2024 14:11] - GET http://localhost:52184/session/ffdff7c4cb17219f30eb051c8751740c/element/f.CEA009869A663FCB66A35398C30CC1F6.d.67912C60F8E44F3CCE74E6CA8A061CE2.e.88/text {}
[16/08/2024 14:11] - http://localhost:52184 "GET /session/ffdff7c4cb17219f30eb051c8751740c/element/f.CEA009869A663FCB66A35398C30CC1F6.d.67912C60F8E44F3CCE74E6CA8A061CE2.e.88/text HTTP/1.1" 200 0
[16/08/2024 14:11] - Remote response: status=200 | data={"value":"33°"} | headers=HTTPHeaderDict({'Content-Length': '16', 'Content-Type': 'application/json; charset=utf-8', 'cache-control': 'no-cache'})
[16/08/2024 14:11] - Finished Request
[16/08/2024 14:11] - GET http://localhost:52184/session/ffdff7c4cb17219f30eb051c8751740c/element/f.CEA009869A663FCB66A35398C30CC1F6.d.67912C60F8E44F3CCE74E6CA8A061CE2.e.95/text {}
[16/08/2024 14:11] - http://localhost:52184 "GET /session/ffdff7c4cb17219f30eb051c8751740c/element/f.CEA009869A663FCB66A35398C30CC1F6.d.67912C60F8E44F3CCE74E6CA8A061CE2.e.95/text HTTP/1.1" 200 0
[16/08/2024 14:11] - Remote response: status=200 | data={"value":"14°"} | headers=HTTPHeaderDict({'Content-Length': '16', 'Content-Type': 'application/json; charset=utf-8', 'cache-control': 'no-cache'})
[16/08/2024 14:11] - Finished Request
[16/08/2024 14:11] -   🌡️ Previsão para o Próximo dia: 22 Ago., Maxíma de: 33°Graus, Miníma de: 14°Graus


[16/08/2024 14:11] -  Iremos Subdvidir as informações acima
[16/08/2024 14:11] - GET http://localhost:52184/session/ffdff7c4cb17219f30eb051c8751740c/element/f.CEA009869A663FCB66A35398C30CC1F6.d.67912C60F8E44F3CCE74E6CA8A061CE2.e.81/text {}
[16/08/2024 14:11] - http://localhost:52184 "GET /session/ffdff7c4cb17219f30eb051c8751740c/element/f.CEA009869A663FCB66A35398C30CC1F6.d.67912C60F8E44F3CCE74E6CA8A061CE2.e.81/text HTTP/1.1" 200 0
[16/08/2024 14:11] - Remote response: status=200 | data={"value":"22 Ago."} | headers=HTTPHeaderDict({'Content-Length': '19', 'Content-Type': 'application/json; charset=utf-8', 'cache-control': 'no-cache'})
[16/08/2024 14:11] - Finished Request
[16/08/2024 14:11] - GET http://localhost:52184/session/ffdff7c4cb17219f30eb051c8751740c/element/f.CEA009869A663FCB66A35398C30CC1F6.d.67912C60F8E44F3CCE74E6CA8A061CE2.e.88/text {}
[16/08/2024 14:11] - http://localhost:52184 "GET /session/ffdff7c4cb17219f30eb051c8751740c/element/f.CEA009869A663FCB66A35398C30CC1F6.d.67912C60F8E44F3CCE74E6CA8A061CE2.e.88/text HTTP/1.1" 200 0
[16/08/2024 14:11] - Remote response: status=200 | data={"value":"33°"} | headers=HTTPHeaderDict({'Content-Length': '16', 'Content-Type': 'application/json; charset=utf-8', 'cache-control': 'no-cache'})
[16/08/2024 14:11] - Finished Request
[16/08/2024 14:11] - GET http://localhost:52184/session/ffdff7c4cb17219f30eb051c8751740c/element/f.CEA009869A663FCB66A35398C30CC1F6.d.67912C60F8E44F3CCE74E6CA8A061CE2.e.95/text {}
[16/08/2024 14:11] - http://localhost:52184 "GET /session/ffdff7c4cb17219f30eb051c8751740c/element/f.CEA009869A663FCB66A35398C30CC1F6.d.67912C60F8E44F3CCE74E6CA8A061CE2.e.95/text HTTP/1.1" 200 0
[16/08/2024 14:11] - Remote response: status=200 | data={"value":"14°"} | headers=HTTPHeaderDict({'Content-Length': '16', 'Content-Type': 'application/json; charset=utf-8', 'cache-control': 'no-cache'})
[16/08/2024 14:11] - Finished Request
[16/08/2024 14:11] -  🤖🤖Obrigado por usar o Nosso Boot🤖🤖🤖 
[16/08/2024 14:11] - 


[16/08/2024 14:11] -  🌞 Enviar previsão do 🌞 tempo Via E-mail 📧.16/08/2024  14:11 
[16/08/2024 14:11] -  Criando configurações para o Envio de E-mail....
[16/08/2024 14:11] - Vamos Buscar as informações do 📧 E-mail via Dont Env...
[16/08/2024 14:11] - Iremos formatar o envio do E-mail via HTML...
[16/08/2024 14:11] - GET http://localhost:52184/session/ffdff7c4cb17219f30eb051c8751740c/element/f.CEA009869A663FCB66A35398C30CC1F6.d.67912C60F8E44F3CCE74E6CA8A061CE2.e.71/text {}
[16/08/2024 14:11] - http://localhost:52184 "GET /session/ffdff7c4cb17219f30eb051c8751740c/element/f.CEA009869A663FCB66A35398C30CC1F6.d.67912C60F8E44F3CCE74E6CA8A061CE2.e.71/text HTTP/1.1" 200 0
[16/08/2024 14:11] - Remote response: status=200 | data={"value":"28°"} | headers=HTTPHeaderDict({'Content-Length': '16', 'Content-Type': 'application/json; charset=utf-8', 'cache-control': 'no-cache'})
[16/08/2024 14:11] - Finished Request
[16/08/2024 14:11] - GET http://localhost:52184/session/ffdff7c4cb17219f30eb051c8751740c/element/f.CEA009869A663FCB66A35398C30CC1F6.d.67912C60F8E44F3CCE74E6CA8A061CE2.e.72/text {}
[16/08/2024 14:11] - http://localhost:52184 "GET /session/ffdff7c4cb17219f30eb051c8751740c/element/f.CEA009869A663FCB66A35398C30CC1F6.d.67912C60F8E44F3CCE74E6CA8A061CE2.e.72/text HTTP/1.1" 200 0
[16/08/2024 14:11] - Remote response: status=200 | data={"value":"Sensação de 27°"} | headers=HTTPHeaderDict({'Content-Length': '30', 'Content-Type': 'application/json; charset=utf-8', 'cache-control': 'no-cache'})
[16/08/2024 14:11] - Finished Request
[16/08/2024 14:11] -  🥹🥵Erro Ao Formatar a Página em Html e Css...🥹🥵 
[16/08/2024 14:11] -  🥹🥵 Erro ao montar a Configuração de Envio de E-mails....🥹🥵
